#
# There is insufficient memory for the Java Runtime Environment to continue.
# Native memory allocation (mmap) failed to map 65536 bytes for Failed to commit metaspace.
# Possible reasons:
#   The system is out of physical RAM or swap space
#   The process is running with CompressedOops enabled, and the Java Heap may be blocking the growth of the native heap
# Possible solutions:
#   Reduce memory load on the system
#   Increase physical memory or swap space
#   Check if swap backing store is full
#   Decrease Java heap size (-Xmx/-Xms)
#   Decrease number of Java threads
#   Decrease Java thread stack sizes (-Xss)
#   Set larger code cache with -XX:ReservedCodeCacheSize=
#   JVM is running with Zero Based Compressed Oops mode in which the Java heap is
#     placed in the first 32GB address space. The Java Heap base address is the
#     maximum limit for the native heap growth. Please use -XX:HeapBaseMinAddress
#     to set the Java Heap base and to place the Java Heap above 32GB virtual address.
# This output file may be truncated or incomplete.
#
#  Out of Memory Error (virtualSpaceNode.cpp:110), pid=2584, tid=17296
#
# JRE version: OpenJDK Runtime Environment Corretto-17.0.6.10.1 (17.0.6+10) (build 17.0.6+10-LTS)
# Java VM: OpenJDK 64-Bit Server VM Corretto-17.0.6.10.1 (17.0.6+10-LTS, mixed mode, emulated-client, sharing, tiered, compressed oops, compressed class ptrs, g1 gc, windows-amd64)
# No core dump will be written. Minidumps are not enabled by default on client versions of Windows
#

---------------  S U M M A R Y ------------

Command Line: -XX:TieredStopAtLevel=1 -Dspring.output.ansi.enabled=always -Dcom.sun.management.jmxremote -Dspring.jmx.enabled=true -Dspring.liveBeansView.mbeanDomain -Dspring.application.admin.enabled=true -Dmanagement.endpoints.jmx.exposure.include=* -javaagent:C:\Program Files\JetBrains\IntelliJ IDEA 2022.3\lib\idea_rt.jar=58298:C:\Program Files\JetBrains\IntelliJ IDEA 2022.3\bin -Dfile.encoding=UTF-8 ma.enset.gestiondespatients.GestionDesPatientsApplication

Host: Intel(R) Core(TM) i5-5300U CPU @ 2.30GHz, 4 cores, 15G,  Windows 10 , 64 bit Build 19041 (10.0.19041.2546)
Time: Sun Mar  5 01:04:20 2023 Maroc (heure d64 bit Build 19041 (10.0.19041.2546) elapsed time: 1.029325 seconds (0d 0h 0m 1s)

---------------  T H R E A D  ---------------

Current thread (0x000002667e2a4490):  JavaThread "main" [_thread_in_vm, id=17296, stack(0x000000fd12e00000,0x000000fd12f00000)]

Stack: [0x000000fd12e00000,0x000000fd12f00000]
Native frames: (J=compiled Java code, j=interpreted, Vv=VM code, C=native code)
V  [jvm.dll+0x64b39a]
V  [jvm.dll+0x7ff044]
V  [jvm.dll+0x8007fe]
V  [jvm.dll+0x800e53]
V  [jvm.dll+0x235848]
V  [jvm.dll+0x7fb10b]
V  [jvm.dll+0x5f23a6]
V  [jvm.dll+0x1b4e8e]
V  [jvm.dll+0x5f4bf4]
V  [jvm.dll+0x5f2d5d]
V  [jvm.dll+0x22b5e7]
V  [jvm.dll+0x1d94b2]
V  [jvm.dll+0x1ddd17]
V  [jvm.dll+0x1d3e59]
V  [jvm.dll+0x5178f0]
V  [jvm.dll+0x77d0ac]
V  [jvm.dll+0x77d194]
V  [jvm.dll+0x3f0f15]
V  [jvm.dll+0x3f6b81]
C  [java.dll+0x17ec]

Java frames: (J=compiled Java code, j=interpreted, Vv=VM code)
j  java.lang.ClassLoader.defineClass1(Ljava/lang/ClassLoader;Ljava/lang/String;[BIILjava/security/ProtectionDomain;Ljava/lang/String;)Ljava/lang/Class;+0 java.base@17.0.6
j  java.lang.ClassLoader.defineClass(Ljava/lang/String;[BIILjava/security/ProtectionDomain;)Ljava/lang/Class;+27 java.base@17.0.6
j  java.security.SecureClassLoader.defineClass(Ljava/lang/String;[BIILjava/security/CodeSource;)Ljava/lang/Class;+12 java.base@17.0.6
j  jdk.internal.loader.BuiltinClassLoader.defineClass(Ljava/lang/String;Ljdk/internal/loader/Resource;)Ljava/lang/Class;+117 java.base@17.0.6
j  jdk.internal.loader.BuiltinClassLoader.findClassOnClassPathOrNull(Ljava/lang/String;)Ljava/lang/Class;+37 java.base@17.0.6
j  jdk.internal.loader.BuiltinClassLoader.loadClassOrNull(Ljava/lang/String;Z)Ljava/lang/Class;+111 java.base@17.0.6
j  jdk.internal.loader.BuiltinClassLoader.loadClass(Ljava/lang/String;Z)Ljava/lang/Class;+3 java.base@17.0.6
j  jdk.internal.loader.ClassLoaders$AppClassLoader.loadClass(Ljava/lang/String;Z)Ljava/lang/Class;+36 java.base@17.0.6
j  java.lang.ClassLoader.loadClass(Ljava/lang/String;)Ljava/lang/Class;+3 java.base@17.0.6
v  ~StubRoutines::call_stub
j  org.slf4j.helpers.SubstituteServiceProvider.<init>()V+5
j  org.slf4j.LoggerFactory.<clinit>()V+8
v  ~StubRoutines::call_stub
j  org.apache.commons.logging.LogAdapter$Slf4jAdapter.createLocationAwareLog(Ljava/lang/String;)Lorg/apache/commons/logging/Log;+1
j  org.apache.commons.logging.LogAdapter$$Lambda$95+0x0000000800cc5dc8.apply(Ljava/lang/Object;)Ljava/lang/Object;+4
j  org.apache.commons.logging.LogAdapter.createLog(Ljava/lang/String;)Lorg/apache/commons/logging/Log;+4
j  org.apache.commons.logging.LogFactory.getLog(Ljava/lang/String;)Lorg/apache/commons/logging/Log;+1
j  org.apache.commons.logging.LogFactory.getLog(Ljava/lang/Class;)Lorg/apache/commons/logging/Log;+4
j  org.springframework.boot.SpringApplication.<clinit>()V+2
v  ~StubRoutines::call_stub
j  ma.enset.gestiondespatients.GestionDesPatientsApplication.main([Ljava/lang/String;)V+3
v  ~StubRoutines::call_stub

---------------  P R O C E S S  ---------------

Threads class SMR info:
_java_thread_list=0x00000266159a6160, length=15, elements={
0x000002667e2a4490, 0x000002667fe3fe30, 0x000002667fe41440, 0x000002667fe52210,
0x000002667fe54bd0, 0x000002667fe57340, 0x000002667fe649c0, 0x000002667fe65bc0,
0x000002667fe674f0, 0x00000266154bf4e0, 0x00000266154c4600, 0x00000266154c8b20,
0x00000266157f6550, 0x00000266158503d0, 0x000002661599a650
}

Java Threads: ( => current thread )
=>0x000002667e2a4490 JavaThread "main" [_thread_in_vm, id=17296, stack(0x000000fd12e00000,0x000000fd12f00000)]
  0x000002667fe3fe30 JavaThread "Reference Handler" daemon [_thread_blocked, id=7464, stack(0x000000fd13500000,0x000000fd13600000)]
  0x000002667fe41440 JavaThread "Finalizer" daemon [_thread_blocked, id=15052, stack(0x000000fd13600000,0x000000fd13700000)]
  0x000002667fe52210 JavaThread "Signal Dispatcher" daemon [_thread_blocked, id=10848, stack(0x000000fd13800000,0x000000fd13900000)]
  0x000002667fe54bd0 JavaThread "Attach Listener" daemon [_thread_blocked, id=17308, stack(0x000000fd13900000,0x000000fd13a00000)]
  0x000002667fe57340 JavaThread "Service Thread" daemon [_thread_blocked, id=128, stack(0x000000fd13a00000,0x000000fd13b00000)]
  0x000002667fe649c0 JavaThread "Monitor Deflation Thread" daemon [_thread_blocked, id=6536, stack(0x000000fd13b00000,0x000000fd13c00000)]
  0x000002667fe65bc0 JavaThread "C1 CompilerThread0" daemon [_thread_blocked, id=14348, stack(0x000000fd13c00000,0x000000fd13d00000)]
  0x000002667fe674f0 JavaThread "Sweeper thread" daemon [_thread_blocked, id=6788, stack(0x000000fd13d00000,0x000000fd13e00000)]
  0x00000266154bf4e0 JavaThread "Common-Cleaner" daemon [_thread_blocked, id=4868, stack(0x000000fd13e00000,0x000000fd13f00000)]
  0x00000266154c4600 JavaThread "C1 CompilerThread1" daemon [_thread_blocked, id=16236, stack(0x000000fd13f00000,0x000000fd14000000)]
  0x00000266154c8b20 JavaThread "C1 CompilerThread2" daemon [_thread_blocked, id=3364, stack(0x000000fd14000000,0x000000fd14100000)]
  0x00000266157f6550 JavaThread "Monitor Ctrl-Break" daemon [_thread_in_native, id=16736, stack(0x000000fd14100000,0x000000fd14200000)]
  0x00000266158503d0 JavaThread "Notification Thread" daemon [_thread_blocked, id=2348, stack(0x000000fd14200000,0x000000fd14300000)]
  0x000002661599a650 JavaThread "RMI TCP Accept-0" daemon [_thread_in_native, id=7976, stack(0x000000fd14300000,0x000000fd14400000)]

Other Threads:
  0x000002667fe39dd0 VMThread "VM Thread" [stack: 0x000000fd13400000,0x000000fd13500000] [id=17124]
  0x000002661599afa0 WatcherThread [stack: 0x000000fd14400000,0x000000fd14500000] [id=11212]
  0x000002667e30e640 GCTaskThread "GC Thread#0" [stack: 0x000000fd12f00000,0x000000fd13000000] [id=16612]
  0x000002667e31f3d0 ConcurrentGCThread "G1 Main Marker" [stack: 0x000000fd13000000,0x000000fd13100000] [id=13880]
  0x000002667e320620 ConcurrentGCThread "G1 Conc#0" [stack: 0x000000fd13100000,0x000000fd13200000] [id=920]
  0x000002667e365250 ConcurrentGCThread "G1 Refine#0" [stack: 0x000000fd13200000,0x000000fd13300000] [id=2640]
  0x000002667e365c70 ConcurrentGCThread "G1 Service" [stack: 0x000000fd13300000,0x000000fd13400000] [id=5424]

Threads with active compile tasks:

VM state: not at safepoint (normal execution)

VM Mutex/Monitor currently owned by a thread:  ([mutex/lock_event])
[0x000002667e29dc60] Metaspace_lock - owner thread: 0x000002667e2a4490

OutOfMemory and StackOverflow Exception counts:
OutOfMemoryError java_heap_errors=1
LinkageErrors=9

Heap address: 0x0000000701a00000, size: 4070 MB, Compressed Oops mode: Zero based, Oop shift amount: 3

CDS archive(s) mapped at: [0x0000000800000000-0x0000000800bc0000-0x0000000800bc0000), size 12320768, SharedBaseAddress: 0x0000000800000000, ArchiveRelocationMode: 0.
Compressed class space mapped at: 0x0000000800c00000-0x0000000840c00000, reserved size: 1073741824
Narrow klass base: 0x0000000800000000, Narrow klass shift: 0, Narrow klass range: 0x100000000

GC Precious Log:
 CPUs: 4 total, 4 available
 Memory: 16272M
 Large Page Support: Disabled
 NUMA Support: Disabled
 Compressed Oops: Enabled (Zero based)
 Heap Region Size: 2M
 Heap Min Capacity: 8M
 Heap Initial Capacity: 256M
 Heap Max Capacity: 4070M
 Pre-touch: Disabled
 Parallel Workers: 4
 Concurrent Workers: 1
 Concurrent Refinement Workers: 4
 Periodic GC: Disabled

Heap:
 garbage-first heap   total 262144K, used 10240K [0x0000000701a00000, 0x0000000800000000)
  region size 2048K, 6 young (12288K), 0 survivors (0K)
 Metaspace       used 4493K, committed 4608K, reserved 1056768K
  class space    used 553K, committed 640K, reserved 1048576K

Heap Regions: E=young(eden), S=young(survivor), O=old, HS=humongous(starts), HC=humongous(continues), CS=collection set, F=free, OA=open archive, CA=closed archive, TAMS=top-at-mark-start (previous, next)
|   0|0x0000000701a00000, 0x0000000701a00000, 0x0000000701c00000|  0%| F|  |TAMS 0x0000000701a00000, 0x0000000701a00000| Untracked 
|   1|0x0000000701c00000, 0x0000000701c00000, 0x0000000701e00000|  0%| F|  |TAMS 0x0000000701c00000, 0x0000000701c00000| Untracked 
|   2|0x0000000701e00000, 0x0000000701e00000, 0x0000000702000000|  0%| F|  |TAMS 0x0000000701e00000, 0x0000000701e00000| Untracked 
|   3|0x0000000702000000, 0x0000000702000000, 0x0000000702200000|  0%| F|  |TAMS 0x0000000702000000, 0x0000000702000000| Untracked 
|   4|0x0000000702200000, 0x0000000702200000, 0x0000000702400000|  0%| F|  |TAMS 0x0000000702200000, 0x0000000702200000| Untracked 
|   5|0x0000000702400000, 0x0000000702400000, 0x0000000702600000|  0%| F|  |TAMS 0x0000000702400000, 0x0000000702400000| Untracked 
|   6|0x0000000702600000, 0x0000000702600000, 0x0000000702800000|  0%| F|  |TAMS 0x0000000702600000, 0x0000000702600000| Untracked 
|   7|0x0000000702800000, 0x0000000702800000, 0x0000000702a00000|  0%| F|  |TAMS 0x0000000702800000, 0x0000000702800000| Untracked 
|   8|0x0000000702a00000, 0x0000000702a00000, 0x0000000702c00000|  0%| F|  |TAMS 0x0000000702a00000, 0x0000000702a00000| Untracked 
|   9|0x0000000702c00000, 0x0000000702c00000, 0x0000000702e00000|  0%| F|  |TAMS 0x0000000702c00000, 0x0000000702c00000| Untracked 
|  10|0x0000000702e00000, 0x0000000702e00000, 0x0000000703000000|  0%| F|  |TAMS 0x0000000702e00000, 0x0000000702e00000| Untracked 
|  11|0x0000000703000000, 0x0000000703000000, 0x0000000703200000|  0%| F|  |TAMS 0x0000000703000000, 0x0000000703000000| Untracked 
|  12|0x0000000703200000, 0x0000000703200000, 0x0000000703400000|  0%| F|  |TAMS 0x0000000703200000, 0x0000000703200000| Untracked 
|  13|0x0000000703400000, 0x0000000703400000, 0x0000000703600000|  0%| F|  |TAMS 0x0000000703400000, 0x0000000703400000| Untracked 
|  14|0x0000000703600000, 0x0000000703600000, 0x0000000703800000|  0%| F|  |TAMS 0x0000000703600000, 0x0000000703600000| Untracked 
|  15|0x0000000703800000, 0x0000000703800000, 0x0000000703a00000|  0%| F|  |TAMS 0x0000000703800000, 0x0000000703800000| Untracked 
|  16|0x0000000703a00000, 0x0000000703a00000, 0x0000000703c00000|  0%| F|  |TAMS 0x0000000703a00000, 0x0000000703a00000| Untracked 
|  17|0x0000000703c00000, 0x0000000703c00000, 0x0000000703e00000|  0%| F|  |TAMS 0x0000000703c00000, 0x0000000703c00000| Untracked 
|  18|0x0000000703e00000, 0x0000000703e00000, 0x0000000704000000|  0%| F|  |TAMS 0x0000000703e00000, 0x0000000703e00000| Untracked 
|  19|0x0000000704000000, 0x0000000704000000, 0x0000000704200000|  0%| F|  |TAMS 0x0000000704000000, 0x0000000704000000| Untracked 
|  20|0x0000000704200000, 0x0000000704200000, 0x0000000704400000|  0%| F|  |TAMS 0x0000000704200000, 0x0000000704200000| Untracked 
|  21|0x0000000704400000, 0x0000000704400000, 0x0000000704600000|  0%| F|  |TAMS 0x0000000704400000, 0x0000000704400000| Untracked 
|  22|0x0000000704600000, 0x0000000704600000, 0x0000000704800000|  0%| F|  |TAMS 0x0000000704600000, 0x0000000704600000| Untracked 
|  23|0x0000000704800000, 0x0000000704800000, 0x0000000704a00000|  0%| F|  |TAMS 0x0000000704800000, 0x0000000704800000| Untracked 
|  24|0x0000000704a00000, 0x0000000704a00000, 0x0000000704c00000|  0%| F|  |TAMS 0x0000000704a00000, 0x0000000704a00000| Untracked 
|  25|0x0000000704c00000, 0x0000000704c00000, 0x0000000704e00000|  0%| F|  |TAMS 0x0000000704c00000, 0x0000000704c00000| Untracked 
|  26|0x0000000704e00000, 0x0000000704e00000, 0x0000000705000000|  0%| F|  |TAMS 0x0000000704e00000, 0x0000000704e00000| Untracked 
|  27|0x0000000705000000, 0x0000000705000000, 0x0000000705200000|  0%| F|  |TAMS 0x0000000705000000, 0x0000000705000000| Untracked 
|  28|0x0000000705200000, 0x0000000705200000, 0x0000000705400000|  0%| F|  |TAMS 0x0000000705200000, 0x0000000705200000| Untracked 
|  29|0x0000000705400000, 0x0000000705400000, 0x0000000705600000|  0%| F|  |TAMS 0x0000000705400000, 0x0000000705400000| Untracked 
|  30|0x0000000705600000, 0x0000000705600000, 0x0000000705800000|  0%| F|  |TAMS 0x0000000705600000, 0x0000000705600000| Untracked 
|  31|0x0000000705800000, 0x0000000705800000, 0x0000000705a00000|  0%| F|  |TAMS 0x0000000705800000, 0x0000000705800000| Untracked 
|  32|0x0000000705a00000, 0x0000000705a00000, 0x0000000705c00000|  0%| F|  |TAMS 0x0000000705a00000, 0x0000000705a00000| Untracked 
|  33|0x0000000705c00000, 0x0000000705c00000, 0x0000000705e00000|  0%| F|  |TAMS 0x0000000705c00000, 0x0000000705c00000| Untracked 
|  34|0x0000000705e00000, 0x0000000705e00000, 0x0000000706000000|  0%| F|  |TAMS 0x0000000705e00000, 0x0000000705e00000| Untracked 
|  35|0x0000000706000000, 0x0000000706000000, 0x0000000706200000|  0%| F|  |TAMS 0x0000000706000000, 0x0000000706000000| Untracked 
|  36|0x0000000706200000, 0x0000000706200000, 0x0000000706400000|  0%| F|  |TAMS 0x0000000706200000, 0x0000000706200000| Untracked 
|  37|0x0000000706400000, 0x0000000706400000, 0x0000000706600000|  0%| F|  |TAMS 0x0000000706400000, 0x0000000706400000| Untracked 
|  38|0x0000000706600000, 0x0000000706600000, 0x0000000706800000|  0%| F|  |TAMS 0x0000000706600000, 0x0000000706600000| Untracked 
|  39|0x0000000706800000, 0x0000000706800000, 0x0000000706a00000|  0%| F|  |TAMS 0x0000000706800000, 0x0000000706800000| Untracked 
|  40|0x0000000706a00000, 0x0000000706a00000, 0x0000000706c00000|  0%| F|  |TAMS 0x0000000706a00000, 0x0000000706a00000| Untracked 
|  41|0x0000000706c00000, 0x0000000706c00000, 0x0000000706e00000|  0%| F|  |TAMS 0x0000000706c00000, 0x0000000706c00000| Untracked 
|  42|0x0000000706e00000, 0x0000000706e00000, 0x0000000707000000|  0%| F|  |TAMS 0x0000000706e00000, 0x0000000706e00000| Untracked 
|  43|0x0000000707000000, 0x0000000707000000, 0x0000000707200000|  0%| F|  |TAMS 0x0000000707000000, 0x0000000707000000| Untracked 
|  44|0x0000000707200000, 0x0000000707200000, 0x0000000707400000|  0%| F|  |TAMS 0x0000000707200000, 0x0000000707200000| Untracked 
|  45|0x0000000707400000, 0x0000000707400000, 0x0000000707600000|  0%| F|  |TAMS 0x0000000707400000, 0x0000000707400000| Untracked 
|  46|0x0000000707600000, 0x0000000707600000, 0x0000000707800000|  0%| F|  |TAMS 0x0000000707600000, 0x0000000707600000| Untracked 
|  47|0x0000000707800000, 0x0000000707800000, 0x0000000707a00000|  0%| F|  |TAMS 0x0000000707800000, 0x0000000707800000| Untracked 
|  48|0x0000000707a00000, 0x0000000707a00000, 0x0000000707c00000|  0%| F|  |TAMS 0x0000000707a00000, 0x0000000707a00000| Untracked 
|  49|0x0000000707c00000, 0x0000000707c00000, 0x0000000707e00000|  0%| F|  |TAMS 0x0000000707c00000, 0x0000000707c00000| Untracked 
|  50|0x0000000707e00000, 0x0000000707e00000, 0x0000000708000000|  0%| F|  |TAMS 0x0000000707e00000, 0x0000000707e00000| Untracked 
|  51|0x0000000708000000, 0x0000000708000000, 0x0000000708200000|  0%| F|  |TAMS 0x0000000708000000, 0x0000000708000000| Untracked 
|  52|0x0000000708200000, 0x0000000708200000, 0x0000000708400000|  0%| F|  |TAMS 0x0000000708200000, 0x0000000708200000| Untracked 
|  53|0x0000000708400000, 0x0000000708400000, 0x0000000708600000|  0%| F|  |TAMS 0x0000000708400000, 0x0000000708400000| Untracked 
|  54|0x0000000708600000, 0x0000000708600000, 0x0000000708800000|  0%| F|  |TAMS 0x0000000708600000, 0x0000000708600000| Untracked 
|  55|0x0000000708800000, 0x0000000708800000, 0x0000000708a00000|  0%| F|  |TAMS 0x0000000708800000, 0x0000000708800000| Untracked 
|  56|0x0000000708a00000, 0x0000000708a00000, 0x0000000708c00000|  0%| F|  |TAMS 0x0000000708a00000, 0x0000000708a00000| Untracked 
|  57|0x0000000708c00000, 0x0000000708c00000, 0x0000000708e00000|  0%| F|  |TAMS 0x0000000708c00000, 0x0000000708c00000| Untracked 
|  58|0x0000000708e00000, 0x0000000708e00000, 0x0000000709000000|  0%| F|  |TAMS 0x0000000708e00000, 0x0000000708e00000| Untracked 
|  59|0x0000000709000000, 0x0000000709000000, 0x0000000709200000|  0%| F|  |TAMS 0x0000000709000000, 0x0000000709000000| Untracked 
|  60|0x0000000709200000, 0x0000000709200000, 0x0000000709400000|  0%| F|  |TAMS 0x0000000709200000, 0x0000000709200000| Untracked 
|  61|0x0000000709400000, 0x0000000709400000, 0x0000000709600000|  0%| F|  |TAMS 0x0000000709400000, 0x0000000709400000| Untracked 
|  62|0x0000000709600000, 0x0000000709600000, 0x0000000709800000|  0%| F|  |TAMS 0x0000000709600000, 0x0000000709600000| Untracked 
|  63|0x0000000709800000, 0x0000000709800000, 0x0000000709a00000|  0%| F|  |TAMS 0x0000000709800000, 0x0000000709800000| Untracked 
|  64|0x0000000709a00000, 0x0000000709a00000, 0x0000000709c00000|  0%| F|  |TAMS 0x0000000709a00000, 0x0000000709a00000| Untracked 
|  65|0x0000000709c00000, 0x0000000709c00000, 0x0000000709e00000|  0%| F|  |TAMS 0x0000000709c00000, 0x0000000709c00000| Untracked 
|  66|0x0000000709e00000, 0x0000000709e00000, 0x000000070a000000|  0%| F|  |TAMS 0x0000000709e00000, 0x0000000709e00000| Untracked 
|  67|0x000000070a000000, 0x000000070a000000, 0x000000070a200000|  0%| F|  |TAMS 0x000000070a000000, 0x000000070a000000| Untracked 
|  68|0x000000070a200000, 0x000000070a200000, 0x000000070a400000|  0%| F|  |TAMS 0x000000070a200000, 0x000000070a200000| Untracked 
|  69|0x000000070a400000, 0x000000070a400000, 0x000000070a600000|  0%| F|  |TAMS 0x000000070a400000, 0x000000070a400000| Untracked 
|  70|0x000000070a600000, 0x000000070a600000, 0x000000070a800000|  0%| F|  |TAMS 0x000000070a600000, 0x000000070a600000| Untracked 
|  71|0x000000070a800000, 0x000000070a800000, 0x000000070aa00000|  0%| F|  |TAMS 0x000000070a800000, 0x000000070a800000| Untracked 
|  72|0x000000070aa00000, 0x000000070aa00000, 0x000000070ac00000|  0%| F|  |TAMS 0x000000070aa00000, 0x000000070aa00000| Untracked 
|  73|0x000000070ac00000, 0x000000070ac00000, 0x000000070ae00000|  0%| F|  |TAMS 0x000000070ac00000, 0x000000070ac00000| Untracked 
|  74|0x000000070ae00000, 0x000000070ae00000, 0x000000070b000000|  0%| F|  |TAMS 0x000000070ae00000, 0x000000070ae00000| Untracked 
|  75|0x000000070b000000, 0x000000070b000000, 0x000000070b200000|  0%| F|  |TAMS 0x000000070b000000, 0x000000070b000000| Untracked 
|  76|0x000000070b200000, 0x000000070b200000, 0x000000070b400000|  0%| F|  |TAMS 0x000000070b200000, 0x000000070b200000| Untracked 
|  77|0x000000070b400000, 0x000000070b400000, 0x000000070b600000|  0%| F|  |TAMS 0x000000070b400000, 0x000000070b400000| Untracked 
|  78|0x000000070b600000, 0x000000070b600000, 0x000000070b800000|  0%| F|  |TAMS 0x000000070b600000, 0x000000070b600000| Untracked 
|  79|0x000000070b800000, 0x000000070b800000, 0x000000070ba00000|  0%| F|  |TAMS 0x000000070b800000, 0x000000070b800000| Untracked 
|  80|0x000000070ba00000, 0x000000070ba00000, 0x000000070bc00000|  0%| F|  |TAMS 0x000000070ba00000, 0x000000070ba00000| Untracked 
|  81|0x000000070bc00000, 0x000000070bc00000, 0x000000070be00000|  0%| F|  |TAMS 0x000000070bc00000, 0x000000070bc00000| Untracked 
|  82|0x000000070be00000, 0x000000070be00000, 0x000000070c000000|  0%| F|  |TAMS 0x000000070be00000, 0x000000070be00000| Untracked 
|  83|0x000000070c000000, 0x000000070c000000, 0x000000070c200000|  0%| F|  |TAMS 0x000000070c000000, 0x000000070c000000| Untracked 
|  84|0x000000070c200000, 0x000000070c200000, 0x000000070c400000|  0%| F|  |TAMS 0x000000070c200000, 0x000000070c200000| Untracked 
|  85|0x000000070c400000, 0x000000070c400000, 0x000000070c600000|  0%| F|  |TAMS 0x000000070c400000, 0x000000070c400000| Untracked 
|  86|0x000000070c600000, 0x000000070c600000, 0x000000070c800000|  0%| F|  |TAMS 0x000000070c600000, 0x000000070c600000| Untracked 
|  87|0x000000070c800000, 0x000000070c800000, 0x000000070ca00000|  0%| F|  |TAMS 0x000000070c800000, 0x000000070c800000| Untracked 
|  88|0x000000070ca00000, 0x000000070ca00000, 0x000000070cc00000|  0%| F|  |TAMS 0x000000070ca00000, 0x000000070ca00000| Untracked 
|  89|0x000000070cc00000, 0x000000070cc00000, 0x000000070ce00000|  0%| F|  |TAMS 0x000000070cc00000, 0x000000070cc00000| Untracked 
|  90|0x000000070ce00000, 0x000000070ce00000, 0x000000070d000000|  0%| F|  |TAMS 0x000000070ce00000, 0x000000070ce00000| Untracked 
|  91|0x000000070d000000, 0x000000070d000000, 0x000000070d200000|  0%| F|  |TAMS 0x000000070d000000, 0x000000070d000000| Untracked 
|  92|0x000000070d200000, 0x000000070d200000, 0x000000070d400000|  0%| F|  |TAMS 0x000000070d200000, 0x000000070d200000| Untracked 
|  93|0x000000070d400000, 0x000000070d400000, 0x000000070d600000|  0%| F|  |TAMS 0x000000070d400000, 0x000000070d400000| Untracked 
|  94|0x000000070d600000, 0x000000070d600000, 0x000000070d800000|  0%| F|  |TAMS 0x000000070d600000, 0x000000070d600000| Untracked 
|  95|0x000000070d800000, 0x000000070d800000, 0x000000070da00000|  0%| F|  |TAMS 0x000000070d800000, 0x000000070d800000| Untracked 
|  96|0x000000070da00000, 0x000000070da00000, 0x000000070dc00000|  0%| F|  |TAMS 0x000000070da00000, 0x000000070da00000| Untracked 
|  97|0x000000070dc00000, 0x000000070dc00000, 0x000000070de00000|  0%| F|  |TAMS 0x000000070dc00000, 0x000000070dc00000| Untracked 
|  98|0x000000070de00000, 0x000000070de00000, 0x000000070e000000|  0%| F|  |TAMS 0x000000070de00000, 0x000000070de00000| Untracked 
|  99|0x000000070e000000, 0x000000070e000000, 0x000000070e200000|  0%| F|  |TAMS 0x000000070e000000, 0x000000070e000000| Untracked 
| 100|0x000000070e200000, 0x000000070e200000, 0x000000070e400000|  0%| F|  |TAMS 0x000000070e200000, 0x000000070e200000| Untracked 
| 101|0x000000070e400000, 0x000000070e400000, 0x000000070e600000|  0%| F|  |TAMS 0x000000070e400000, 0x000000070e400000| Untracked 
| 102|0x000000070e600000, 0x000000070e600000, 0x000000070e800000|  0%| F|  |TAMS 0x000000070e600000, 0x000000070e600000| Untracked 
| 103|0x000000070e800000, 0x000000070e800000, 0x000000070ea00000|  0%| F|  |TAMS 0x000000070e800000, 0x000000070e800000| Untracked 
| 104|0x000000070ea00000, 0x000000070ea00000, 0x000000070ec00000|  0%| F|  |TAMS 0x000000070ea00000, 0x000000070ea00000| Untracked 
| 105|0x000000070ec00000, 0x000000070ec00000, 0x000000070ee00000|  0%| F|  |TAMS 0x000000070ec00000, 0x000000070ec00000| Untracked 
| 106|0x000000070ee00000, 0x000000070ee00000, 0x000000070f000000|  0%| F|  |TAMS 0x000000070ee00000, 0x000000070ee00000| Untracked 
| 107|0x000000070f000000, 0x000000070f000000, 0x000000070f200000|  0%| F|  |TAMS 0x000000070f000000, 0x000000070f000000| Untracked 
| 108|0x000000070f200000, 0x000000070f200000, 0x000000070f400000|  0%| F|  |TAMS 0x000000070f200000, 0x000000070f200000| Untracked 
| 109|0x000000070f400000, 0x000000070f400000, 0x000000070f600000|  0%| F|  |TAMS 0x000000070f400000, 0x000000070f400000| Untracked 
| 110|0x000000070f600000, 0x000000070f600000, 0x000000070f800000|  0%| F|  |TAMS 0x000000070f600000, 0x000000070f600000| Untracked 
| 111|0x000000070f800000, 0x000000070f800000, 0x000000070fa00000|  0%| F|  |TAMS 0x000000070f800000, 0x000000070f800000| Untracked 
| 112|0x000000070fa00000, 0x000000070fa00000, 0x000000070fc00000|  0%| F|  |TAMS 0x000000070fa00000, 0x000000070fa00000| Untracked 
| 113|0x000000070fc00000, 0x000000070fc00000, 0x000000070fe00000|  0%| F|  |TAMS 0x000000070fc00000, 0x000000070fc00000| Untracked 
| 114|0x000000070fe00000, 0x000000070fe00000, 0x0000000710000000|  0%| F|  |TAMS 0x000000070fe00000, 0x000000070fe00000| Untracked 
| 115|0x0000000710000000, 0x0000000710000000, 0x0000000710200000|  0%| F|  |TAMS 0x0000000710000000, 0x0000000710000000| Untracked 
| 116|0x0000000710200000, 0x0000000710200000, 0x0000000710400000|  0%| F|  |TAMS 0x0000000710200000, 0x0000000710200000| Untracked 
| 117|0x0000000710400000, 0x0000000710400000, 0x0000000710600000|  0%| F|  |TAMS 0x0000000710400000, 0x0000000710400000| Untracked 
| 118|0x0000000710600000, 0x0000000710600000, 0x0000000710800000|  0%| F|  |TAMS 0x0000000710600000, 0x0000000710600000| Untracked 
| 119|0x0000000710800000, 0x0000000710800000, 0x0000000710a00000|  0%| F|  |TAMS 0x0000000710800000, 0x0000000710800000| Untracked 
| 120|0x0000000710a00000, 0x0000000710a00000, 0x0000000710c00000|  0%| F|  |TAMS 0x0000000710a00000, 0x0000000710a00000| Untracked 
| 121|0x0000000710c00000, 0x0000000710c00000, 0x0000000710e00000|  0%| F|  |TAMS 0x0000000710c00000, 0x0000000710c00000| Untracked 
| 122|0x0000000710e00000, 0x0000000710f9d7e0, 0x0000000711000000| 80%| E|  |TAMS 0x0000000710e00000, 0x0000000710e00000| Complete 
| 123|0x0000000711000000, 0x0000000711200000, 0x0000000711200000|100%| E|CS|TAMS 0x0000000711000000, 0x0000000711000000| Complete 
| 124|0x0000000711200000, 0x0000000711400000, 0x0000000711400000|100%| E|CS|TAMS 0x0000000711200000, 0x0000000711200000| Complete 
| 125|0x0000000711400000, 0x0000000711600000, 0x0000000711600000|100%| E|CS|TAMS 0x0000000711400000, 0x0000000711400000| Complete 
| 126|0x0000000711600000, 0x0000000711800000, 0x0000000711800000|100%| E|CS|TAMS 0x0000000711600000, 0x0000000711600000| Complete 
| 127|0x0000000711800000, 0x0000000711a00000, 0x0000000711a00000|100%| E|CS|TAMS 0x0000000711800000, 0x0000000711800000| Complete 

Card table byte_map: [0x000002667eb70000,0x000002667f370000] _byte_map_base: 0x000002667b363000

Marking Bits (Prev, Next): (CMBitMap*) 0x000002667e30ec50, (CMBitMap*) 0x000002667e30ec90
 Prev Bits: [0x000002660aa30000, 0x000002660e9c8000)
 Next Bits: [0x000002660e9d0000, 0x0000026612968000)

Polling page: 0x000002667c200000

Metaspace:

Usage:
  Non-class:      3.85 MB used.
      Class:    553.26 KB used.
       Both:      4.39 MB used.

Virtual space:
  Non-class space:        8.00 MB reserved,       3.88 MB ( 48%) committed,  1 nodes.
      Class space:        1.00 GB reserved,     640.00 KB ( <1%) committed,  1 nodes.
             Both:        1.01 GB reserved,       4.50 MB ( <1%) committed. 

Chunk freelists:
   Non-Class:  3.73 MB
       Class:  3.22 MB
        Both:  6.95 MB

MaxMetaspaceSize: unlimited
CompressedClassSpaceSize: 1.00 GB
Initial GC threshold: 21.00 MB
Current GC threshold: 21.00 MB
CDS: on
MetaspaceReclaimPolicy: balanced
 - commit_granule_bytes: 65536.
 - commit_granule_words: 8192.
 - virtual_space_node_default_size: 1048576.
 - enlarge_chunks_in_place: 1.
 - new_chunks_are_fully_committed: 0.
 - uncommit_free_chunks: 1.
 - use_allocation_guard: 0.
 - handle_deallocations: 1.


Internal statistics:

num_allocs_failed_limit: 0.
num_arena_births: 80.
num_arena_deaths: 0.
num_vsnodes_births: 2.
num_vsnodes_deaths: 0.
num_space_committed: 72.
num_space_uncommitted: 0.
num_chunks_returned_to_freelist: 0.
num_chunks_taken_from_freelist: 110.
num_chunk_merges: 0.
num_chunk_splits: 66.
num_chunks_enlarged: 34.
num_purges: 0.
num_inconsistent_stats: 0.

CodeCache: size=49152Kb used=3348Kb max_used=3348Kb free=45803Kb
 bounds [0x0000026607a30000, 0x0000026607d80000, 0x000002660aa30000]
 total_blobs=1272 nmethods=839 adapters=359
 compilation: enabled
              stopped_count=0, restarted_count=0
 full_count=0

Compilation events (20 events):
Event: 1.017 Thread 0x000002667fe65bc0  830       1       java.util.zip.ZipUtils::CENSIZ (9 bytes)
Event: 1.018 Thread 0x000002667fe65bc0 nmethod 830 0x0000026607d71710 code [0x0000026607d718a0, 0x0000026607d719f8]
Event: 1.019 Thread 0x00000266154c8b20  831       1       java.lang.ClassLoader::checkName (37 bytes)
Event: 1.019 Thread 0x000002667fe65bc0  832       1       java.util.WeakHashMap::put (160 bytes)
Event: 1.020 Thread 0x00000266154c8b20 nmethod 831 0x0000026607d71b10 code [0x0000026607d71ce0, 0x0000026607d71ff8]
Event: 1.020 Thread 0x00000266154c8b20  833       1       java.net.URLStreamHandler::getDefaultPort (2 bytes)
Event: 1.020 Thread 0x00000266154c8b20 nmethod 833 0x0000026607d72210 code [0x0000026607d723a0, 0x0000026607d72478]
Event: 1.020 Thread 0x000002667fe65bc0 nmethod 832 0x0000026607d72510 code [0x0000026607d72720, 0x0000026607d72e48]
Event: 1.021 Thread 0x00000266154c4600  834   !   1       java.util.zip.ZipFile$ZipFileInputStream::close (59 bytes)
Event: 1.022 Thread 0x00000266154c4600 nmethod 834 0x0000026607d73110 code [0x0000026607d732c0, 0x0000026607d73528]
Event: 1.024 Thread 0x00000266154c4600  835       1       java.nio.HeapByteBuffer::isDirect (2 bytes)
Event: 1.024 Thread 0x000002667fe65bc0  836       1       java.util.Collections$SetFromMap::remove (19 bytes)
Event: 1.024 Thread 0x00000266154c4600 nmethod 835 0x0000026607d73710 code [0x0000026607d738a0, 0x0000026607d73978]
Event: 1.024 Thread 0x00000266154c4600  837       1       java.util.WeakHashMap::remove (131 bytes)
Event: 1.024 Thread 0x000002667fe65bc0 nmethod 836 0x0000026607d73a10 code [0x0000026607d73ba0, 0x0000026607d73ca8]
Event: 1.025 Thread 0x00000266154c8b20  838       1       sun.net.www.ParseUtil::firstEncodeIndex (86 bytes)
Event: 1.025 Thread 0x00000266154c4600 nmethod 837 0x0000026607d73d10 code [0x0000026607d73f00, 0x0000026607d74398]
Event: 1.025 Thread 0x00000266154c4600  839       1       java.security.CodeSource::getLocationNoFragString (5 bytes)
Event: 1.026 Thread 0x00000266154c8b20 nmethod 838 0x0000026607d74610 code [0x0000026607d747e0, 0x0000026607d74b28]
Event: 1.026 Thread 0x00000266154c4600 nmethod 839 0x0000026607d74d90 code [0x0000026607d74f20, 0x0000026607d74ff8]

GC Heap History (0 events):
No events

Dll operation events (11 events):
Event: 0.015 Loaded shared library C:\Users\fatim\.jdks\corretto-17.0.6\bin\java.dll
Event: 0.033 Loaded shared library C:\Users\fatim\.jdks\corretto-17.0.6\bin\jsvml.dll
Event: 0.240 Loaded shared library C:\Users\fatim\.jdks\corretto-17.0.6\bin\zip.dll
Event: 0.244 Loaded shared library C:\Users\fatim\.jdks\corretto-17.0.6\bin\instrument.dll
Event: 0.257 Loaded shared library C:\Users\fatim\.jdks\corretto-17.0.6\bin\net.dll
Event: 0.259 Loaded shared library C:\Users\fatim\.jdks\corretto-17.0.6\bin\nio.dll
Event: 0.263 Loaded shared library C:\Users\fatim\.jdks\corretto-17.0.6\bin\zip.dll
Event: 0.414 Loaded shared library C:\Program Files\JetBrains\IntelliJ IDEA 2022.3\bin\breakgen64.dll
Event: 0.422 Loaded shared library C:\Users\fatim\.jdks\corretto-17.0.6\bin\jimage.dll
Event: 0.465 Loaded shared library C:\Users\fatim\.jdks\corretto-17.0.6\bin\management.dll
Event: 0.484 Loaded shared library C:\Users\fatim\.jdks\corretto-17.0.6\bin\management_ext.dll

Deoptimization events (0 events):
No events

Classes unloaded (0 events):
No events

Classes redefined (0 events):
No events

Internal exceptions (11 events):
Event: 0.423 Thread 0x00000266157f6550 Exception <a 'java/lang/NoSuchMethodError'{0x00000007112fd6c0}: 'java.lang.Object java.lang.invoke.DirectMethodHandle$Holder.invokeStaticInit(java.lang.Object)'> (0x00000007112fd6c0) 
thrown [s\src\hotspot\share\interpreter\linkResolver.cpp, line 759]
Event: 0.441 Thread 0x00000266157f6550 Exception <a 'java/lang/NoSuchMethodError'{0x000000071130b330}: 'void java.lang.invoke.DirectMethodHandle$Holder.invokeStatic(java.lang.Object, java.lang.Object)'> (0x000000071130b330) 
thrown [s\src\hotspot\share\interpreter\linkResolver.cpp, line 759]
Event: 0.491 Thread 0x000002667e2a4490 Exception <a 'java/lang/NoSuchMethodError'{0x0000000711337648}: 'int java.lang.invoke.DirectMethodHandle$Holder.invokeInterface(java.lang.Object, java.lang.Object)'> (0x0000000711337648) 
thrown [s\src\hotspot\share\interpreter\linkResolver.cpp, line 759]
Event: 0.492 Thread 0x000002667e2a4490 Exception <a 'java/lang/IncompatibleClassChangeError'{0x000000071133ac48}: Found class java.lang.Object, but interface was expected> (0x000000071133ac48) 
thrown [s\src\hotspot\share\interpreter\linkResolver.cpp, line 826]
Event: 0.577 Thread 0x000002667e2a4490 Exception <a 'java/lang/NoSuchMethodError'{0x0000000711006d68}: 'int java.lang.invoke.DirectMethodHandle$Holder.invokeSpecial(java.lang.Object, java.lang.Object, java.lang.Object)'> (0x0000000711006d68) 
thrown [s\src\hotspot\share\interpreter\linkResolver.cpp, line 759]
Event: 0.653 Thread 0x000002667e2a4490 Exception <a 'java/lang/NoSuchMethodError'{0x0000000711101948}: 'void java.lang.invoke.DirectMethodHandle$Holder.invokeStatic(java.lang.Object, java.lang.Object, java.lang.Object)'> (0x0000000711101948) 
thrown [s\src\hotspot\share\interpreter\linkResolver.cpp, line 759]
Event: 0.671 Thread 0x000002667e2a4490 Exception <a 'java/lang/NoSuchMethodError'{0x000000071113e5c0}: 'int java.lang.invoke.DirectMethodHandle$Holder.invokeSpecialIFC(java.lang.Object, java.lang.Object, java.lang.Object)'> (0x000000071113e5c0) 
thrown [s\src\hotspot\share\interpreter\linkResolver.cpp, line 759]
Event: 0.718 Thread 0x000002667e2a4490 Exception <a 'java/lang/NoSuchMethodError'{0x00000007111b4f80}: 'java.lang.Object java.lang.invoke.DirectMethodHandle$Holder.invokeStaticInit(java.lang.Object, int, int, int, int)'> (0x00000007111b4f80) 
thrown [s\src\hotspot\share\interpreter\linkResolver.cpp, line 759]
Event: 0.919 Thread 0x000002667e2a4490 Exception <a 'java/lang/NoSuchMethodError'{0x00000007111e0d88}: 'java.lang.Object java.lang.invoke.DirectMethodHandle$Holder.invokeStaticInit(java.lang.Object, java.lang.Object, int, int, int, int)'> (0x00000007111e0d88) 
thrown [s\src\hotspot\share\interpreter\linkResolver.cpp, line 759]
Event: 0.948 Thread 0x000002667e2a4490 Exception <a 'java/lang/ClassNotFoundException'{0x00000007111ff230}: javax/management/remote/rmi/RMIServerImpl_Skel> (0x00000007111ff230) 
thrown [s\src\hotspot\share\classfile\systemDictionary.cpp, line 256]
Event: 1.011 Thread 0x000002667e2a4490 Exception <a 'java/lang/OutOfMemoryError'{0x0000000710f14670}> (0x0000000710f14670) 
thrown [s\src\hotspot\share\prims\jni.cpp, line 535]

VM Operations (6 events):
Event: 0.214 Executing VM operation: HandshakeAllThreads
Event: 0.214 Executing VM operation: HandshakeAllThreads done
Event: 0.421 Executing VM operation: HandshakeAllThreads
Event: 0.421 Executing VM operation: HandshakeAllThreads done
Event: 0.699 Executing VM operation: HandshakeAllThreads
Event: 0.699 Executing VM operation: HandshakeAllThreads done

Events (20 events):
Event: 0.973 loading class java/io/SerialCallbackContext
Event: 0.973 loading class java/io/SerialCallbackContext done
Event: 0.973 loading class sun/rmi/transport/ConnectionOutputStream
Event: 0.973 loading class sun/rmi/server/MarshalOutputStream
Event: 0.973 loading class sun/rmi/server/MarshalOutputStream done
Event: 0.973 loading class sun/rmi/transport/ConnectionOutputStream done
Event: 0.974 loading class jdk/internal/agent/ConnectorAddressLink
Event: 0.974 loading class jdk/internal/agent/ConnectorAddressLink done
Event: 0.974 loading class sun/management/counter/Units
Event: 0.974 loading class sun/management/counter/Units done
Event: 0.974 loading class jdk/internal/vm/PostVMInitHook
Event: 0.974 loading class jdk/internal/vm/PostVMInitHook done
Event: 0.976 loading class jdk/internal/loader/URLClassPath$FileLoader$1
Event: 0.976 loading class jdk/internal/loader/URLClassPath$FileLoader$1 done
Event: 1.022 loading class java/util/ServiceConfigurationError
Event: 1.022 loading class java/util/ServiceConfigurationError done
Event: 1.022 loading class java/lang/NoSuchFieldError
Event: 1.022 loading class java/lang/NoSuchFieldError done
Event: 1.026 loading class java/lang/UnsupportedOperationException
Event: 1.026 loading class java/lang/UnsupportedOperationException done


Dynamic libraries:
0x00007ff64cae0000 - 0x00007ff64caed000 	C:\Users\fatim\.jdks\corretto-17.0.6\bin\java.exe
0x00007ff815e50000 - 0x00007ff816048000 	C:\Windows\SYSTEM32\ntdll.dll
0x00007ff815bd0000 - 0x00007ff815c8f000 	C:\Windows\System32\KERNEL32.DLL
0x00007ff813540000 - 0x00007ff813812000 	C:\Windows\System32\KERNELBASE.dll
0x00007ff813820000 - 0x00007ff813920000 	C:\Windows\System32\ucrtbase.dll
0x00007ff80d540000 - 0x00007ff80d557000 	C:\Users\fatim\.jdks\corretto-17.0.6\bin\jli.dll
0x00007ff813e90000 - 0x00007ff814031000 	C:\Windows\System32\USER32.dll
0x00007ff813c70000 - 0x00007ff813c92000 	C:\Windows\System32\win32u.dll
0x00007ff8152b0000 - 0x00007ff8152db000 	C:\Windows\System32\GDI32.dll
0x00007ff813d80000 - 0x00007ff813e8f000 	C:\Windows\System32\gdi32full.dll
0x00007ff813970000 - 0x00007ff813a0d000 	C:\Windows\System32\msvcp_win.dll
0x00007ff80cea0000 - 0x00007ff80ceb5000 	C:\Users\fatim\.jdks\corretto-17.0.6\bin\VCRUNTIME140.dll
0x00007ff803bd0000 - 0x00007ff803e6a000 	C:\Windows\WinSxS\amd64_microsoft.windows.common-controls_6595b64144ccf1df_6.0.19041.1110_none_60b5254171f9507e\COMCTL32.dll
0x00007ff815300000 - 0x00007ff81539e000 	C:\Windows\System32\msvcrt.dll
0x00007ff815440000 - 0x00007ff815472000 	C:\Windows\System32\IMM32.DLL
0x00007fffc0d90000 - 0x00007fffc0e2b000 	C:\Users\fatim\.jdks\corretto-17.0.6\bin\msvcp140.dll
0x00007fff8ac00000 - 0x00007fff8b818000 	C:\Users\fatim\.jdks\corretto-17.0.6\bin\server\jvm.dll
0x00007ff814170000 - 0x00007ff81421e000 	C:\Windows\System32\ADVAPI32.dll
0x00007ff8153a0000 - 0x00007ff81543c000 	C:\Windows\System32\sechost.dll
0x00007ff8150f0000 - 0x00007ff815215000 	C:\Windows\System32\RPCRT4.dll
0x00007ffffc360000 - 0x00007ffffc369000 	C:\Windows\SYSTEM32\WSOCK32.dll
0x00007ff8040d0000 - 0x00007ff8040f7000 	C:\Windows\SYSTEM32\WINMM.dll
0x00007ff814fb0000 - 0x00007ff81501b000 	C:\Windows\System32\WS2_32.dll
0x00007ff80aa50000 - 0x00007ff80aa5a000 	C:\Windows\SYSTEM32\VERSION.dll
0x00007ff811d50000 - 0x00007ff811d62000 	C:\Windows\SYSTEM32\kernel.appcore.dll
0x00007ff80e410000 - 0x00007ff80e41a000 	C:\Users\fatim\.jdks\corretto-17.0.6\bin\jimage.dll
0x00007ff8082a0000 - 0x00007ff808484000 	C:\Windows\SYSTEM32\DBGHELP.DLL
0x00007ff800030000 - 0x00007ff800065000 	C:\Windows\SYSTEM32\dbgcore.DLL
0x00007ff813b70000 - 0x00007ff813bf2000 	C:\Windows\System32\bcryptPrimitives.dll
0x00007ff80cc60000 - 0x00007ff80cc6e000 	C:\Users\fatim\.jdks\corretto-17.0.6\bin\instrument.dll
0x00007ff804380000 - 0x00007ff8043a5000 	C:\Users\fatim\.jdks\corretto-17.0.6\bin\java.dll
0x00007fffc0cb0000 - 0x00007fffc0d86000 	C:\Users\fatim\.jdks\corretto-17.0.6\bin\jsvml.dll
0x00007ff815480000 - 0x00007ff815bc5000 	C:\Windows\System32\SHELL32.dll
0x00007ff8114d0000 - 0x00007ff811c62000 	C:\Windows\SYSTEM32\windows.storage.dll
0x00007ff8147e0000 - 0x00007ff814b35000 	C:\Windows\System32\combase.dll
0x00007ff812ec0000 - 0x00007ff812ef0000 	C:\Windows\SYSTEM32\Wldp.dll
0x00007ff8140c0000 - 0x00007ff81416d000 	C:\Windows\System32\SHCORE.dll
0x00007ff814710000 - 0x00007ff814765000 	C:\Windows\System32\shlwapi.dll
0x00007ff813480000 - 0x00007ff81349f000 	C:\Windows\SYSTEM32\profapi.dll
0x00007ff802840000 - 0x00007ff802858000 	C:\Users\fatim\.jdks\corretto-17.0.6\bin\zip.dll
0x00007ff802650000 - 0x00007ff802669000 	C:\Users\fatim\.jdks\corretto-17.0.6\bin\net.dll
0x00007ff80b200000 - 0x00007ff80b30c000 	C:\Windows\SYSTEM32\WINHTTP.dll
0x00007ff812ca0000 - 0x00007ff812d0a000 	C:\Windows\system32\mswsock.dll
0x00007ff800740000 - 0x00007ff800755000 	C:\Users\fatim\.jdks\corretto-17.0.6\bin\nio.dll
0x00007ffffc4e0000 - 0x00007ffffc4fa000 	C:\Program Files\JetBrains\IntelliJ IDEA 2022.3\bin\breakgen64.dll
0x00007ff8129b0000 - 0x00007ff812a7b000 	C:\Windows\SYSTEM32\DNSAPI.dll
0x00007ff812960000 - 0x00007ff81299b000 	C:\Windows\SYSTEM32\IPHLPAPI.DLL
0x00007ff814770000 - 0x00007ff814778000 	C:\Windows\System32\NSI.dll
0x0000000072600000 - 0x0000000072626000 	C:\Program Files\Bonjour\mdnsNSP.dll
0x00007ff80bc10000 - 0x00007ff80bc1a000 	C:\Windows\System32\rasadhlp.dll
0x00007ff805670000 - 0x00007ff8056f0000 	C:\Windows\System32\fwpuclnt.dll
0x00007ff813d50000 - 0x00007ff813d77000 	C:\Windows\System32\bcrypt.dll
0x00007ffff4e30000 - 0x00007ffff4e39000 	C:\Users\fatim\.jdks\corretto-17.0.6\bin\management.dll
0x00007ffff22e0000 - 0x00007ffff22eb000 	C:\Users\fatim\.jdks\corretto-17.0.6\bin\management_ext.dll
0x00007ff8152f0000 - 0x00007ff8152f8000 	C:\Windows\System32\PSAPI.DLL
0x00007ff813200000 - 0x00007ff813218000 	C:\Windows\SYSTEM32\CRYPTSP.dll
0x00007ff812570000 - 0x00007ff8125a4000 	C:\Windows\system32\rsaenh.dll
0x00007ff813400000 - 0x00007ff81342e000 	C:\Windows\SYSTEM32\USERENV.dll
0x00007ff812e30000 - 0x00007ff812e3c000 	C:\Windows\SYSTEM32\CRYPTBASE.dll
0x00007ff80b360000 - 0x00007ff80b377000 	C:\Windows\SYSTEM32\dhcpcsvc6.DLL
0x00007ff80b340000 - 0x00007ff80b35d000 	C:\Windows\SYSTEM32\dhcpcsvc.DLL
0x00007fffe3cd0000 - 0x00007fffe3ce7000 	C:\Windows\system32\napinsp.dll
0x00007fffe3cb0000 - 0x00007fffe3ccb000 	C:\Windows\system32\pnrpnsp.dll
0x00007ff80e3a0000 - 0x00007ff80e3b5000 	C:\Windows\system32\wshbth.dll
0x00007ff80ef20000 - 0x00007ff80ef3d000 	C:\Windows\system32\NLAapi.dll
0x00007fffe3af0000 - 0x00007fffe3b02000 	C:\Windows\System32\winrnr.dll

dbghelp: loaded successfully - version: 4.0.5 - missing functions: none
symbol engine: initialized successfully - sym options: 0x614 - pdb path: .;C:\Users\fatim\.jdks\corretto-17.0.6\bin;C:\Windows\SYSTEM32;C:\Windows\WinSxS\amd64_microsoft.windows.common-controls_6595b64144ccf1df_6.0.19041.1110_none_60b5254171f9507e;C:\Users\fatim\.jdks\corretto-17.0.6\bin\server;C:\Program Files\JetBrains\IntelliJ IDEA 2022.3\bin;C:\Program Files\Bonjour

VM Arguments:
jvm_args: -XX:TieredStopAtLevel=1 -Dspring.output.ansi.enabled=always -Dcom.sun.management.jmxremote -Dspring.jmx.enabled=true -Dspring.liveBeansView.mbeanDomain -Dspring.application.admin.enabled=true -Dmanagement.endpoints.jmx.exposure.include=* -javaagent:C:\Program Files\JetBrains\IntelliJ IDEA 2022.3\lib\idea_rt.jar=58298:C:\Program Files\JetBrains\IntelliJ IDEA 2022.3\bin -Dfile.encoding=UTF-8 
java_command: ma.enset.gestiondespatients.GestionDesPatientsApplication
java_class_path (initial): C:\Fatiza\S4\Architectures distribuées et Middlewares\Gestion-des-patients\target\classes;C:\Users\fatim\.m2\repository\org\springframework\boot\spring-boot-starter-data-jpa\3.0.4\spring-boot-starter-data-jpa-3.0.4.jar;C:\Users\fatim\.m2\repository\org\springframework\boot\spring-boot-starter-aop\3.0.4\spring-boot-starter-aop-3.0.4.jar;C:\Users\fatim\.m2\repository\org\springframework\spring-aop\6.0.6\spring-aop-6.0.6.jar;C:\Users\fatim\.m2\repository\org\aspectj\aspectjweaver\1.9.19\aspectjweaver-1.9.19.jar;C:\Users\fatim\.m2\repository\org\springframework\boot\spring-boot-starter-jdbc\3.0.4\spring-boot-starter-jdbc-3.0.4.jar;C:\Users\fatim\.m2\repository\com\zaxxer\HikariCP\5.0.1\HikariCP-5.0.1.jar;C:\Users\fatim\.m2\repository\org\springframework\spring-jdbc\6.0.6\spring-jdbc-6.0.6.jar;C:\Users\fatim\.m2\repository\org\hibernate\orm\hibernate-core\6.1.7.Final\hibernate-core-6.1.7.Final.jar;C:\Users\fatim\.m2\repository\jakarta\persistence\jakarta.persistence-api\3.1.0\jakarta.persistence-api-3.1.0.jar;C:\Users\fatim\.m2\repository\jakarta\transaction\jakarta.transaction-api\2.0.1\jakarta.transaction-api-2.0.1.jar;C:\Users\fatim\.m2\repository\org\jboss\logging\jboss-logging\3.5.0.Final\jboss-logging-3.5.0.Final.jar;C:\Users\fatim\.m2\repository\org\hibernate\common\hibernate-commons-annotations\6.0.6.Final\hibernate-commons-annotations-6.0.6.Final.jar;C:\Users\fatim\.m2\repository\org\jboss\jandex\2.4.2.Final\jandex-2.4.2.Final.jar;C:\Users\fatim\.m2\repository\com\fasterxml\classmate\1.5.1\classmate-1.5.1.jar;C:\Users\fatim\.m2\repository\net\bytebuddy\byte-buddy\1.12.23\byte-buddy-1.12.23.jar;C:\Users\fatim\.m2\repository\org\glassfish\jaxb\jaxb-runtime\4.0.2\jaxb-runtime-4.0.2.jar;C:\Users\fatim\.m2\repository\org\glassfish\jaxb\jaxb-core\4.0.2\jaxb-core-4.0.2.jar;C:\Users\fatim\.m2\repository\org\eclipse\angus\angus-activation\2.0.0\angus-activation-2.0.0.jar;C:\Users\fatim\.m2\repository\org\glassfish\jaxb\txw2\4.0.2\txw2-4.0.2.j
Launcher Type: SUN_STANDARD

[Global flags]
     intx CICompilerCount                          = 3                                         {product} {ergonomic}
     uint ConcGCThreads                            = 1                                         {product} {ergonomic}
     uint G1ConcRefinementThreads                  = 4                                         {product} {ergonomic}
   size_t G1HeapRegionSize                         = 2097152                                   {product} {ergonomic}
    uintx GCDrainStackTargetSize                   = 64                                        {product} {ergonomic}
   size_t InitialHeapSize                          = 268435456                                 {product} {ergonomic}
     bool ManagementServer                         = true                                      {product} {command line}
   size_t MarkStackSize                            = 4194304                                   {product} {ergonomic}
   size_t MaxHeapSize                              = 4267704320                                {product} {ergonomic}
   size_t MaxNewSize                               = 2560622592                                {product} {ergonomic}
   size_t MinHeapDeltaBytes                        = 2097152                                   {product} {ergonomic}
   size_t MinHeapSize                              = 8388608                                   {product} {ergonomic}
    uintx NonProfiledCodeHeapSize                  = 0                                      {pd product} {ergonomic}
     bool ProfileInterpreter                       = false                                  {pd product} {command line}
    uintx ProfiledCodeHeapSize                     = 0                                      {pd product} {ergonomic}
   size_t SoftMaxHeapSize                          = 4267704320                             {manageable} {ergonomic}
     intx TieredStopAtLevel                        = 1                                         {product} {command line}
     bool UseCompressedClassPointers               = true                           {product lp64_product} {ergonomic}
     bool UseCompressedOops                        = true                           {product lp64_product} {ergonomic}
     bool UseG1GC                                  = true                                      {product} {ergonomic}
     bool UseLargePagesIndividualAllocation        = false                                  {pd product} {ergonomic}

Logging:
Log output configuration:
 #0: stdout all=warning uptime,level,tags
 #1: stderr all=off uptime,level,tags

Environment Variables:
JAVA_HOME=C:\java\jdk1.8.0_202\bin
PATH=C:\Program Files (x86)\VMware\VMware Workstation\bin\;C:\Program Files\Common Files\Oracle\Java\javapath;C:\Program Files (x86)\Common Files\Oracle\Java\javapath;C:\Windows\system32;C:\Windows;C:\Windows\System32\Wbem;C:\Windows\System32\WindowsPowerShell\v1.0\;C:\Windows\System32\OpenSSH\;C:\Program Files\nodejs\;C:\Program Files\dotnet\;C:\Program Files (x86)\dotnet\;C:\Program Files\Git\cmd;C:\java\jdk1.8.0_202\bin;C:\hadoop\bin;C:\hadoop\sbin;C:\Users\fatim\AppData\Local\Programs\Python\Python39\Scripts;C:\java\jdk1.8.0_202\bin;C:\Users\fatim\AppData\Local\Microsoft\WindowsApps;C:\Users\fatim\AppData\Local\Programs\Microsoft VS Code\bin;C:\Users\fatim\AppData\Roaming\npm;C:\MinGW\bin;C:\Program Files\JetBrains\IntelliJ IDEA 2022.3\bin;;C:\Users\fatim\AppData\Local\Programs\Hyper\resources\bin;"C:\java\jdk1.8.0_202\bin\bin;%M2_HOME%\bin";C:\Users\fatim\Downloads\mongosh-1.6.0-win32-x64\mongosh-1.6.0-win32-x64\bin;
USERNAME=fatim
OS=Windows_NT
PROCESSOR_IDENTIFIER=Intel64 Family 6 Model 61 Stepping 4, GenuineIntel
TMP=C:\Users\fatim\AppData\Local\Temp
TEMP=C:\Users\fatim\AppData\Local\Temp



---------------  S Y S T E M  ---------------

OS:
 Windows 10 , 64 bit Build 19041 (10.0.19041.2546)
OS uptime: 3 days 4:54 hours
Hyper-V role detected

CPU: total 4 (initial active 4) (2 cores per cpu, 2 threads per core) family 6 model 61 stepping 4 microcode 0x2d, cx8, cmov, fxsr, ht, mmx, 3dnowpref, sse, sse2, sse3, ssse3, sse4.1, sse4.2, popcnt, lzcnt, tsc, tscinvbit, avx, avx2, aes, erms, clmul, bmi1, bmi2, rtm, adx, fma, vzeroupper, clflush, hv

Memory: 4k page, system-wide physical 16272M (1794M free)
TotalPageFile size 20766M (AvailPageFile size 271M)
current process WorkingSet (physical memory assigned to process): 52M, peak: 52M
current process commit charge ("private bytes"): 340M, peak: 340M

vm_info: OpenJDK 64-Bit Server VM (17.0.6+10-LTS) for windows-amd64 JRE (17.0.6+10-LTS), built on Jan 13 2023 22:57:04 by "Administrator" with MS VC++ 15.9 (VS2017)

END.
