#
# There is insufficient memory for the Java Runtime Environment to continue.
# Native memory allocation (mmap) failed to map 1605632 bytes for G1 virtual space
# Possible reasons:
#   The system is out of physical RAM or swap space
#   The process is running with CompressedOops enabled, and the Java Heap may be blocking the growth of the native heap
# Possible solutions:
#   Reduce memory load on the system
#   Increase physical memory or swap space
#   Check if swap backing store is full
#   Decrease Java heap size (-Xmx/-Xms)
#   Decrease number of Java threads
#   Decrease Java thread stack sizes (-Xss)
#   Set larger code cache with -XX:ReservedCodeCacheSize=
#   JVM is running with Zero Based Compressed Oops mode in which the Java heap is
#     placed in the first 32GB address space. The Java Heap base address is the
#     maximum limit for the native heap growth. Please use -XX:HeapBaseMinAddress
#     to set the Java Heap base and to place the Java Heap above 32GB virtual address.
# This output file may be truncated or incomplete.
#
#  Out of Memory Error (os_windows.cpp:3557), pid=11228, tid=2540
#
# JRE version: OpenJDK Runtime Environment Corretto-17.0.6.10.1 (17.0.6+10) (build 17.0.6+10-LTS)
# Java VM: OpenJDK 64-Bit Server VM Corretto-17.0.6.10.1 (17.0.6+10-LTS, mixed mode, emulated-client, sharing, tiered, compressed oops, compressed class ptrs, g1 gc, windows-amd64)
# No core dump will be written. Minidumps are not enabled by default on client versions of Windows
#

---------------  S U M M A R Y ------------

Command Line: -XX:TieredStopAtLevel=1 -Dspring.output.ansi.enabled=always -Dcom.sun.management.jmxremote -Dspring.jmx.enabled=true -Dspring.liveBeansView.mbeanDomain -Dspring.application.admin.enabled=true -Dmanagement.endpoints.jmx.exposure.include=* -javaagent:C:\Program Files\JetBrains\IntelliJ IDEA 2022.3\lib\idea_rt.jar=57959:C:\Program Files\JetBrains\IntelliJ IDEA 2022.3\bin -Dfile.encoding=UTF-8 ma.enset.gestiondespatients.GestionDesPatientsApplication

Host: Intel(R) Core(TM) i5-5300U CPU @ 2.30GHz, 4 cores, 15G,  Windows 10 , 64 bit Build 19041 (10.0.19041.2546)
Time: Sun Mar  5 00:59:46 2023 Maroc (heure d64 bit Build 19041 (10.0.19041.2546) elapsed time: 7.373515 seconds (0d 0h 0m 7s)

---------------  T H R E A D  ---------------

Current thread (0x000001ac4f8902c0):  VMThread "VM Thread" [stack: 0x0000002ebe800000,0x0000002ebe900000] [id=2540]

Stack: [0x0000002ebe800000,0x0000002ebe900000]
Native frames: (J=compiled Java code, j=interpreted, Vv=VM code, C=native code)
V  [jvm.dll+0x64b39a]
V  [jvm.dll+0x7ff044]
V  [jvm.dll+0x8007fe]
V  [jvm.dll+0x800e53]
V  [jvm.dll+0x235848]
V  [jvm.dll+0x6482fa]
V  [jvm.dll+0x63ca0a]
V  [jvm.dll+0x2f3d59]
V  [jvm.dll+0x2faee6]
V  [jvm.dll+0x347586]
V  [jvm.dll+0x34779f]
V  [jvm.dll+0x2ca128]
V  [jvm.dll+0x2c8617]
V  [jvm.dll+0x2c7bfc]
V  [jvm.dll+0x3184bc]
V  [jvm.dll+0x80528b]
V  [jvm.dll+0x805f68]
V  [jvm.dll+0x806495]
V  [jvm.dll+0x806864]
V  [jvm.dll+0x80692e]
V  [jvm.dll+0x7b1d6a]
V  [jvm.dll+0x64a265]
C  [ucrtbase.dll+0x21bb2]
C  [KERNEL32.DLL+0x17614]
C  [ntdll.dll+0x526a1]

VM_Operation (0x0000002ebe2f8d10): CollectForMetadataAllocation, mode: safepoint, requested by thread 0x000001ac392744b0


---------------  P R O C E S S  ---------------

Threads class SMR info:
_java_thread_list=0x000001ac52734230, length=21, elements={
0x000001ac392744b0, 0x000001ac4f895780, 0x000001ac4f8965f0, 0x000001ac4f8a6510,
0x000001ac4f8a8ed0, 0x000001ac4f8aa890, 0x000001ac4f8af250, 0x000001ac4f8afc00,
0x000001ac4f8c2760, 0x000001ac504ce4e0, 0x000001ac504d7650, 0x000001ac4f87d640,
0x000001ac504d01c0, 0x000001ac504cd670, 0x000001ac504ce9b0, 0x000001ac504d0690,
0x000001ac504d0b60, 0x000001ac504d1030, 0x000001ac504cdb40, 0x000001ac504cfcf0,
0x000001ac504ce010
}

Java Threads: ( => current thread )
  0x000001ac392744b0 JavaThread "main" [_thread_blocked, id=15748, stack(0x0000002ebe200000,0x0000002ebe300000)]
  0x000001ac4f895780 JavaThread "Reference Handler" daemon [_thread_blocked, id=11728, stack(0x0000002ebe900000,0x0000002ebea00000)]
  0x000001ac4f8965f0 JavaThread "Finalizer" daemon [_thread_blocked, id=6728, stack(0x0000002ebea00000,0x0000002ebeb00000)]
  0x000001ac4f8a6510 JavaThread "Signal Dispatcher" daemon [_thread_blocked, id=2412, stack(0x0000002ebeb00000,0x0000002ebec00000)]
  0x000001ac4f8a8ed0 JavaThread "Attach Listener" daemon [_thread_blocked, id=10492, stack(0x0000002ebec00000,0x0000002ebed00000)]
  0x000001ac4f8aa890 JavaThread "Service Thread" daemon [_thread_blocked, id=16924, stack(0x0000002ebed00000,0x0000002ebee00000)]
  0x000001ac4f8af250 JavaThread "Monitor Deflation Thread" daemon [_thread_blocked, id=8796, stack(0x0000002ebee00000,0x0000002ebef00000)]
  0x000001ac4f8afc00 JavaThread "C1 CompilerThread0" daemon [_thread_blocked, id=11912, stack(0x0000002ebef00000,0x0000002ebf000000)]
  0x000001ac4f8c2760 JavaThread "Sweeper thread" daemon [_thread_blocked, id=11572, stack(0x0000002ebf000000,0x0000002ebf100000)]
  0x000001ac504ce4e0 JavaThread "Common-Cleaner" daemon [_thread_blocked, id=16356, stack(0x0000002ebf100000,0x0000002ebf200000)]
  0x000001ac504d7650 JavaThread "C1 CompilerThread1" daemon [_thread_blocked, id=15588, stack(0x0000002ebf200000,0x0000002ebf300000)]
  0x000001ac4f87d640 JavaThread "C1 CompilerThread2" daemon [_thread_blocked, id=13692, stack(0x0000002ebf300000,0x0000002ebf400000)]
  0x000001ac504d01c0 JavaThread "Monitor Ctrl-Break" daemon [_thread_in_native, id=9056, stack(0x0000002ebf400000,0x0000002ebf500000)]
  0x000001ac504cd670 JavaThread "Notification Thread" daemon [_thread_blocked, id=2304, stack(0x0000002ebf500000,0x0000002ebf600000)]
  0x000001ac504ce9b0 JavaThread "RMI TCP Accept-0" daemon [_thread_in_native, id=4660, stack(0x0000002ebf600000,0x0000002ebf700000)]
  0x000001ac504d0690 JavaThread "RMI TCP Connection(1)-172.23.144.1" daemon [_thread_blocked, id=16636, stack(0x0000002ebfc00000,0x0000002ebfd00000)]
  0x000001ac504d0b60 JavaThread "RMI Scheduler(0)" daemon [_thread_blocked, id=13460, stack(0x0000002ebfd00000,0x0000002ebfe00000)]
  0x000001ac504d1030 JavaThread "Catalina-utility-1" [_thread_blocked, id=8376, stack(0x0000002ebfe00000,0x0000002ebff00000)]
  0x000001ac504cdb40 JavaThread "Catalina-utility-2" [_thread_blocked, id=1712, stack(0x0000002ebff00000,0x0000002ec0000000)]
  0x000001ac504cfcf0 JavaThread "container-0" [_thread_blocked, id=13480, stack(0x0000002ec0000000,0x0000002ec0100000)]
  0x000001ac504ce010 JavaThread "mysql-cj-abandoned-connection-cleanup" daemon [_thread_blocked, id=4228, stack(0x0000002ec0100000,0x0000002ec0200000)]

Other Threads:
=>0x000001ac4f8902c0 VMThread "VM Thread" [stack: 0x0000002ebe800000,0x0000002ebe900000] [id=2540]
  0x000001ac392f7fd0 WatcherThread [stack: 0x0000002ebf700000,0x0000002ebf800000] [id=11320]
  0x000001ac392de5e0 GCTaskThread "GC Thread#0" [stack: 0x0000002ebe300000,0x0000002ebe400000] [id=13856]
  0x000001ac50a5d7c0 GCTaskThread "GC Thread#1" [stack: 0x0000002ebf800000,0x0000002ebf900000] [id=14644]
  0x000001ac50a5da70 GCTaskThread "GC Thread#2" [stack: 0x0000002ebf900000,0x0000002ebfa00000] [id=8724]
  0x000001ac50a66800 GCTaskThread "GC Thread#3" [stack: 0x0000002ebfa00000,0x0000002ebfb00000] [id=4456]
  0x000001ac392ef370 ConcurrentGCThread "G1 Main Marker" [stack: 0x0000002ebe400000,0x0000002ebe500000] [id=8412]
  0x000001ac392efd80 ConcurrentGCThread "G1 Conc#0" [stack: 0x0000002ebe500000,0x0000002ebe600000] [id=5588]
  0x000001ac4f7524d0 ConcurrentGCThread "G1 Refine#0" [stack: 0x0000002ebe600000,0x0000002ebe700000] [id=15868]
  0x000001ac50a5bcc0 ConcurrentGCThread "G1 Refine#1" [stack: 0x0000002ebfb00000,0x0000002ebfc00000] [id=6452]
  0x000001ac4f752e00 ConcurrentGCThread "G1 Service" [stack: 0x0000002ebe700000,0x0000002ebe800000] [id=9092]

Threads with active compile tasks:

VM state: at safepoint (normal execution)

VM Mutex/Monitor currently owned by a thread:  ([mutex/lock_event])
[0x000001ac3926fec0] Threads_lock - owner thread: 0x000001ac4f8902c0
[0x000001ac392707c0] Heap_lock - owner thread: 0x000001ac392744b0

Heap address: 0x0000000701a00000, size: 4070 MB, Compressed Oops mode: Zero based, Oop shift amount: 3

CDS archive(s) mapped at: [0x0000000800000000-0x0000000800bc0000-0x0000000800bc0000), size 12320768, SharedBaseAddress: 0x0000000800000000, ArchiveRelocationMode: 0.
Compressed class space mapped at: 0x0000000800c00000-0x0000000840c00000, reserved size: 1073741824
Narrow klass base: 0x0000000800000000, Narrow klass shift: 0, Narrow klass range: 0x100000000

GC Precious Log:
 CPUs: 4 total, 4 available
 Memory: 16272M
 Large Page Support: Disabled
 NUMA Support: Disabled
 Compressed Oops: Enabled (Zero based)
 Heap Region Size: 2M
 Heap Min Capacity: 8M
 Heap Initial Capacity: 256M
 Heap Max Capacity: 4070M
 Pre-touch: Disabled
 Parallel Workers: 4
 Concurrent Workers: 1
 Concurrent Refinement Workers: 4
 Periodic GC: Disabled

Heap:
 garbage-first heap   total 61440K, used 18733K [0x0000000701a00000, 0x0000000800000000)
  region size 2048K, 2 young (4096K), 2 survivors (4096K)
 Metaspace       used 35505K, committed 35968K, reserved 1081344K
  class space    used 4911K, committed 5120K, reserved 1048576K

Heap Regions: E=young(eden), S=young(survivor), O=old, HS=humongous(starts), HC=humongous(continues), CS=collection set, F=free, OA=open archive, CA=closed archive, TAMS=top-at-mark-start (previous, next)
|   0|0x0000000701a00000, 0x0000000701c00000, 0x0000000701c00000|100%| O|  |TAMS 0x0000000701c00000, 0x0000000701c00000| Untracked 
|   1|0x0000000701c00000, 0x0000000701e00000, 0x0000000701e00000|100%| O|  |TAMS 0x0000000701e00000, 0x0000000701e00000| Untracked 
|   2|0x0000000701e00000, 0x0000000702000000, 0x0000000702000000|100%| O|  |TAMS 0x0000000702000000, 0x0000000702000000| Untracked 
|   3|0x0000000702000000, 0x0000000702024a00, 0x0000000702200000|  7%| O|  |TAMS 0x0000000702024a00, 0x0000000702024a00| Untracked 
|   4|0x0000000702200000, 0x0000000702400000, 0x0000000702400000|100%| O|  |TAMS 0x0000000702200000, 0x0000000702400000| Untracked 
|   5|0x0000000702400000, 0x0000000702400000, 0x0000000702600000|  0%| F|  |TAMS 0x0000000702400000, 0x0000000702400000| Untracked 
|   6|0x0000000702600000, 0x0000000702600000, 0x0000000702800000|  0%| F|  |TAMS 0x0000000702600000, 0x0000000702600000| Untracked 
|   7|0x0000000702800000, 0x0000000702800000, 0x0000000702a00000|  0%| F|  |TAMS 0x0000000702800000, 0x0000000702800000| Untracked 
|   8|0x0000000702a00000, 0x0000000702a00000, 0x0000000702c00000|  0%| F|  |TAMS 0x0000000702a00000, 0x0000000702a00000| Untracked 
|   9|0x0000000702c00000, 0x0000000702c00000, 0x0000000702e00000|  0%| F|  |TAMS 0x0000000702c00000, 0x0000000702c00000| Untracked 
|  10|0x0000000702e00000, 0x0000000703000000, 0x0000000703000000|100%| O|  |TAMS 0x0000000702e00000, 0x0000000703000000| Untracked 
|  11|0x0000000703000000, 0x0000000703200000, 0x0000000703200000|100%| O|  |TAMS 0x0000000703000000, 0x0000000703200000| Untracked 
|  12|0x0000000703200000, 0x0000000703400000, 0x0000000703400000|100%| O|  |TAMS 0x0000000703200000, 0x0000000703400000| Untracked 
|  13|0x0000000703400000, 0x0000000703566a00, 0x0000000703600000| 70%| O|  |TAMS 0x0000000703400000, 0x0000000703566a00| Untracked 
|  14|0x0000000703600000, 0x0000000703600000, 0x0000000703800000|  0%| F|  |TAMS 0x0000000703600000, 0x0000000703600000| Untracked 
|  15|0x0000000703800000, 0x0000000703800000, 0x0000000703a00000|  0%| F|  |TAMS 0x0000000703800000, 0x0000000703800000| Untracked 
|  16|0x0000000703a00000, 0x0000000703a00000, 0x0000000703c00000|  0%| F|  |TAMS 0x0000000703a00000, 0x0000000703a00000| Untracked 
|  17|0x0000000703c00000, 0x0000000703c00000, 0x0000000703e00000|  0%| F|  |TAMS 0x0000000703c00000, 0x0000000703c00000| Untracked 
|  18|0x0000000703e00000, 0x0000000703e00000, 0x0000000704000000|  0%| F|  |TAMS 0x0000000703e00000, 0x0000000703e00000| Untracked 
|  19|0x0000000704000000, 0x0000000704000000, 0x0000000704200000|  0%| F|  |TAMS 0x0000000704000000, 0x0000000704000000| Untracked 
|  20|0x0000000704200000, 0x0000000704200000, 0x0000000704400000|  0%| F|  |TAMS 0x0000000704200000, 0x0000000704200000| Untracked 
|  21|0x0000000704400000, 0x00000007044c0080, 0x0000000704600000| 37%| S|CS|TAMS 0x0000000704400000, 0x0000000704400000| Complete 
|  22|0x0000000704600000, 0x0000000704800000, 0x0000000704800000|100%| S|CS|TAMS 0x0000000704600000, 0x0000000704600000| Complete 
|  23|0x0000000704800000, 0x0000000704800000, 0x0000000704a00000|  0%| F|  |TAMS 0x0000000704800000, 0x0000000704800000| Untracked 
|  24|0x0000000704a00000, 0x0000000704a00000, 0x0000000704c00000|  0%| F|  |TAMS 0x0000000704a00000, 0x0000000704a00000| Untracked 
|  93|0x000000070d400000, 0x000000070d400000, 0x000000070d600000|  0%| F|  |TAMS 0x000000070d400000, 0x000000070d400000| Untracked 
|  94|0x000000070d600000, 0x000000070d600000, 0x000000070d800000|  0%| F|  |TAMS 0x000000070d600000, 0x000000070d600000| Untracked 
|  95|0x000000070d800000, 0x000000070d800000, 0x000000070da00000|  0%| F|  |TAMS 0x000000070d800000, 0x000000070d800000| Untracked 
|  96|0x000000070da00000, 0x000000070da00000, 0x000000070dc00000|  0%| F|  |TAMS 0x000000070da00000, 0x000000070da00000| Untracked 
| 127|0x0000000711800000, 0x0000000711800000, 0x0000000711a00000|  0%| F|  |TAMS 0x0000000711800000, 0x0000000711800000| Untracked 

Card table byte_map: [0x000001ac44570000,0x000001ac44d70000] _byte_map_base: 0x000001ac40d63000

Marking Bits (Prev, Next): (CMBitMap*) 0x000001ac392dec30, (CMBitMap*) 0x000001ac392debf0
 Prev Bits: [0x000001ac49510000, 0x000001ac4d4a8000)
 Next Bits: [0x000001ac45570000, 0x000001ac49508000)

Polling page: 0x000001ac38a40000

Metaspace:

Usage:
  Non-class:     29.88 MB used.
      Class:      4.80 MB used.
       Both:     34.67 MB used.

Virtual space:
  Non-class space:       32.00 MB reserved,      30.13 MB ( 94%) committed,  4 nodes.
      Class space:        1.00 GB reserved,       5.00 MB ( <1%) committed,  1 nodes.
             Both:        1.03 GB reserved,      35.13 MB (  3%) committed. 

Chunk freelists:
   Non-Class:  1022.00 KB
       Class:  3.03 MB
        Both:  4.03 MB

MaxMetaspaceSize: unlimited
CompressedClassSpaceSize: 1.00 GB
Initial GC threshold: 21.00 MB
Current GC threshold: 35.13 MB
CDS: on
MetaspaceReclaimPolicy: balanced
 - commit_granule_bytes: 65536.
 - commit_granule_words: 8192.
 - virtual_space_node_default_size: 1048576.
 - enlarge_chunks_in_place: 1.
 - new_chunks_are_fully_committed: 0.
 - uncommit_free_chunks: 1.
 - use_allocation_guard: 0.
 - handle_deallocations: 1.


Internal statistics:

num_allocs_failed_limit: 6.
num_arena_births: 588.
num_arena_deaths: 0.
num_vsnodes_births: 5.
num_vsnodes_deaths: 0.
num_space_committed: 562.
num_space_uncommitted: 0.
num_chunks_returned_to_freelist: 6.
num_chunks_taken_from_freelist: 1833.
num_chunk_merges: 3.
num_chunk_splits: 1281.
num_chunks_enlarged: 946.
num_purges: 0.
num_inconsistent_stats: 0.

CodeCache: size=49152Kb used=8111Kb max_used=8111Kb free=41040Kb
 bounds [0x000001ac40d70000, 0x000001ac41560000, 0x000001ac43d70000]
 total_blobs=4265 nmethods=3719 adapters=470
 compilation: enabled
              stopped_count=0, restarted_count=0
 full_count=0

Compilation events (20 events):
Event: 7.282 Thread 0x000001ac4f87d640 3710       1       java.util.stream.ForEachOps$ForEachOp$OfRef::accept (11 bytes)
Event: 7.282 Thread 0x000001ac4f87d640 nmethod 3710 0x000001ac41558a10 code [0x000001ac41558ba0, 0x000001ac41558c88]
Event: 7.283 Thread 0x000001ac504d7650 3711       1       java.util.Collection::stream (11 bytes)
Event: 7.283 Thread 0x000001ac504d7650 nmethod 3711 0x000001ac41558d10 code [0x000001ac41558ee0, 0x000001ac41559158]
Event: 7.284 Thread 0x000001ac4f87d640 3712       1       java.util.stream.ForEachOps$ForEachOp::get (2 bytes)
Event: 7.284 Thread 0x000001ac4f8afc00 3713       1       java.lang.SecurityManager$$Lambda$813/0x00000008010f8e18::accept (8 bytes)
Event: 7.284 Thread 0x000001ac504d7650 3714       1       java.lang.SecurityManager::lambda$addNonExportedPackages$1 (14 bytes)
Event: 7.284 Thread 0x000001ac4f87d640 nmethod 3712 0x000001ac41559290 code [0x000001ac41559420, 0x000001ac415594f8]
Event: 7.284 Thread 0x000001ac4f8afc00 nmethod 3713 0x000001ac41559590 code [0x000001ac41559720, 0x000001ac41559848]
Event: 7.284 Thread 0x000001ac504d7650 nmethod 3714 0x000001ac41559910 code [0x000001ac41559ac0, 0x000001ac41559c68]
Event: 7.284 Thread 0x000001ac4f87d640 3715       1       java.lang.SecurityManager$$Lambda$814/0x00000008010f9040::test (8 bytes)
Event: 7.284 Thread 0x000001ac504d7650 3716       1       java.lang.SecurityManager::lambda$nonExportedPkgs$2 (13 bytes)
Event: 7.284 Thread 0x000001ac4f8afc00 3717       1       java.util.HashMap::afterNodeRemoval (1 bytes)
Event: 7.284 Thread 0x000001ac4f8afc00 nmethod 3717 0x000001ac41559d10 code [0x000001ac41559ea0, 0x000001ac41559f58]
Event: 7.284 Thread 0x000001ac4f8afc00 3718       1       java.util.ImmutableCollections$SetN::size (5 bytes)
Event: 7.284 Thread 0x000001ac4f87d640 nmethod 3715 0x000001ac4155a010 code [0x000001ac4155a1a0, 0x000001ac4155a2c8]
Event: 7.285 Thread 0x000001ac504d7650 nmethod 3716 0x000001ac4155a390 code [0x000001ac4155a520, 0x000001ac4155a648]
Event: 7.285 Thread 0x000001ac4f8afc00 nmethod 3718 0x000001ac4155a710 code [0x000001ac4155a8a0, 0x000001ac4155a978]
Event: 7.356 Thread 0x000001ac504d7650 3719       1       com.sun.crypto.provider.AESCrypt::mul4 (181 bytes)
Event: 7.356 Thread 0x000001ac504d7650 nmethod 3719 0x000001ac4155aa10 code [0x000001ac4155ac60, 0x000001ac4155b6b8]

GC Heap History (13 events):
Event: 0.994 GC heap before
{Heap before GC invocations=0 (full 0):
 garbage-first heap   total 262144K, used 12288K [0x0000000701a00000, 0x0000000800000000)
  region size 2048K, 6 young (12288K), 0 survivors (0K)
 Metaspace       used 4890K, committed 4992K, reserved 1056768K
  class space    used 583K, committed 640K, reserved 1048576K
}
Event: 1.002 GC heap after
{Heap after GC invocations=1 (full 0):
 garbage-first heap   total 262144K, used 6237K [0x0000000701a00000, 0x0000000800000000)
  region size 2048K, 1 young (2048K), 1 survivors (2048K)
 Metaspace       used 4890K, committed 4992K, reserved 1056768K
  class space    used 583K, committed 640K, reserved 1048576K
}
Event: 1.371 GC heap before
{Heap before GC invocations=1 (full 0):
 garbage-first heap   total 262144K, used 16477K [0x0000000701a00000, 0x0000000800000000)
  region size 2048K, 6 young (12288K), 1 survivors (2048K)
 Metaspace       used 7719K, committed 7936K, reserved 1056768K
  class space    used 984K, committed 1088K, reserved 1048576K
}
Event: 1.375 GC heap after
{Heap after GC invocations=2 (full 0):
 garbage-first heap   total 262144K, used 7838K [0x0000000701a00000, 0x0000000800000000)
  region size 2048K, 1 young (2048K), 1 survivors (2048K)
 Metaspace       used 7719K, committed 7936K, reserved 1056768K
  class space    used 984K, committed 1088K, reserved 1048576K
}
Event: 2.009 GC heap before
{Heap before GC invocations=2 (full 0):
 garbage-first heap   total 262144K, used 26270K [0x0000000701a00000, 0x0000000800000000)
  region size 2048K, 11 young (22528K), 1 survivors (2048K)
 Metaspace       used 12268K, committed 12544K, reserved 1064960K
  class space    used 1646K, committed 1728K, reserved 1048576K
}
Event: 2.014 GC heap after
{Heap after GC invocations=3 (full 0):
 garbage-first heap   total 262144K, used 9433K [0x0000000701a00000, 0x0000000800000000)
  region size 2048K, 2 young (4096K), 2 survivors (4096K)
 Metaspace       used 12268K, committed 12544K, reserved 1064960K
  class space    used 1646K, committed 1728K, reserved 1048576K
}
Event: 3.951 GC heap before
{Heap before GC invocations=3 (full 0):
 garbage-first heap   total 262144K, used 66777K [0x0000000701a00000, 0x0000000800000000)
  region size 2048K, 31 young (63488K), 2 survivors (4096K)
 Metaspace       used 21238K, committed 21504K, reserved 1073152K
  class space    used 2880K, committed 3008K, reserved 1048576K
}
Event: 3.976 GC heap after
{Heap after GC invocations=4 (full 0):
 garbage-first heap   total 262144K, used 13183K [0x0000000701a00000, 0x0000000800000000)
  region size 2048K, 4 young (8192K), 4 survivors (8192K)
 Metaspace       used 21238K, committed 21504K, reserved 1073152K
  class space    used 2880K, committed 3008K, reserved 1048576K
}
Event: 5.665 GC heap before
{Heap before GC invocations=5 (full 0):
 garbage-first heap   total 61440K, used 43903K [0x0000000701a00000, 0x0000000800000000)
  region size 2048K, 20 young (40960K), 4 survivors (8192K)
 Metaspace       used 26590K, committed 26944K, reserved 1073152K
  class space    used 3668K, committed 3840K, reserved 1048576K
}
Event: 5.684 GC heap after
{Heap after GC invocations=6 (full 0):
 garbage-first heap   total 61440K, used 16352K [0x0000000701a00000, 0x0000000800000000)
  region size 2048K, 5 young (10240K), 5 survivors (10240K)
 Metaspace       used 26590K, committed 26944K, reserved 1073152K
  class space    used 3668K, committed 3840K, reserved 1048576K
}
Event: 6.587 GC heap before
{Heap before GC invocations=6 (full 0):
 garbage-first heap   total 61440K, used 40928K [0x0000000701a00000, 0x0000000800000000)
  region size 2048K, 17 young (34816K), 5 survivors (10240K)
 Metaspace       used 31460K, committed 31872K, reserved 1081344K
  class space    used 4418K, committed 4608K, reserved 1048576K
}
Event: 6.605 GC heap after
{Heap after GC invocations=7 (full 0):
 garbage-first heap   total 61440K, used 17965K [0x0000000701a00000, 0x0000000800000000)
  region size 2048K, 1 young (2048K), 1 survivors (2048K)
 Metaspace       used 31460K, committed 31872K, reserved 1081344K
  class space    used 4418K, committed 4608K, reserved 1048576K
}
Event: 7.364 GC heap before
{Heap before GC invocations=7 (full 0):
 garbage-first heap   total 61440K, used 28205K [0x0000000701a00000, 0x0000000800000000)
  region size 2048K, 8 young (16384K), 1 survivors (2048K)
 Metaspace       used 35505K, committed 35968K, reserved 1081344K
  class space    used 4911K, committed 5120K, reserved 1048576K
}

Dll operation events (13 events):
Event: 0.011 Loaded shared library C:\Users\fatim\.jdks\corretto-17.0.6\bin\java.dll
Event: 0.027 Loaded shared library C:\Users\fatim\.jdks\corretto-17.0.6\bin\jsvml.dll
Event: 0.195 Loaded shared library C:\Users\fatim\.jdks\corretto-17.0.6\bin\zip.dll
Event: 0.199 Loaded shared library C:\Users\fatim\.jdks\corretto-17.0.6\bin\instrument.dll
Event: 0.209 Loaded shared library C:\Users\fatim\.jdks\corretto-17.0.6\bin\net.dll
Event: 0.211 Loaded shared library C:\Users\fatim\.jdks\corretto-17.0.6\bin\nio.dll
Event: 0.215 Loaded shared library C:\Users\fatim\.jdks\corretto-17.0.6\bin\zip.dll
Event: 0.342 Loaded shared library C:\Program Files\JetBrains\IntelliJ IDEA 2022.3\bin\breakgen64.dll
Event: 0.351 Loaded shared library C:\Users\fatim\.jdks\corretto-17.0.6\bin\jimage.dll
Event: 0.386 Loaded shared library C:\Users\fatim\.jdks\corretto-17.0.6\bin\management.dll
Event: 0.405 Loaded shared library C:\Users\fatim\.jdks\corretto-17.0.6\bin\management_ext.dll
Event: 2.031 Loaded shared library C:\Users\fatim\.jdks\corretto-17.0.6\bin\verify.dll
Event: 5.544 Loaded shared library C:\Users\fatim\.jdks\corretto-17.0.6\bin\sunmscapi.dll

Deoptimization events (4 events):
Event: 2.136 Thread 0x000001ac392744b0 DEOPT PACKING pc=0x000001ac41293bf9 sp=0x0000002ebe2fd630
Event: 2.136 Thread 0x000001ac392744b0 DEOPT UNPACKING pc=0x000001ac40dc7143 sp=0x0000002ebe2fcb10 mode 3
Event: 5.361 Thread 0x000001ac392744b0 DEOPT PACKING pc=0x000001ac414d4025 sp=0x0000002ebe2fd540
Event: 5.361 Thread 0x000001ac392744b0 DEOPT UNPACKING pc=0x000001ac40dc7143 sp=0x0000002ebe2fcaa8 mode 3

Classes unloaded (0 events):
No events

Classes redefined (0 events):
No events

Internal exceptions (20 events):
Event: 4.488 Thread 0x000001ac392744b0 Exception <a 'java/lang/NoClassDefFoundError'{0x0000000704403000}: org/quartz/Scheduler> (0x0000000704403000) 
thrown [s\src\hotspot\share\classfile\systemDictionary.cpp, line 245]
Event: 4.488 Thread 0x000001ac392744b0 Exception <a 'java/lang/NoClassDefFoundError'{0x0000000704404f18}: org/springframework/session/jdbc/JdbcIndexedSessionRepository> (0x0000000704404f18) 
thrown [s\src\hotspot\share\classfile\systemDictionary.cpp, line 245]
Event: 4.571 Thread 0x000001ac392744b0 Exception <a 'java/lang/NoSuchMethodError'{0x00000007044f5d30}: 'void java.lang.invoke.DirectMethodHandle$Holder.invokeSpecial(java.lang.Object, java.lang.Object, java.lang.Object, java.lang.Object, java.lang.Object, java.lang.Object)'> (0x00000007044f5d30) 
thrown [s\src\hotspot\share\interpreter\linkResolver.cpp, line 759]
Event: 4.765 Thread 0x000001ac392744b0 Exception <a 'java/lang/NoSuchMethodError'{0x0000000704053b50}: 'java.lang.Object java.lang.invoke.DirectMethodHandle$Holder.invokeSpecialIFC(java.lang.Object, java.lang.Object, java.lang.Object)'> (0x0000000704053b50) 
thrown [s\src\hotspot\share\interpreter\linkResolver.cpp, line 759]
Event: 4.872 Thread 0x000001ac504d0690 Exception <a 'java/lang/reflect/InvocationTargetException'{0x0000000704615c78}> (0x0000000704615c78) 
thrown [s\src\hotspot\share\runtime\reflection.cpp, line 1121]
Event: 5.090 Thread 0x000001ac392744b0 Exception <a 'java/lang/NoSuchMethodError'{0x0000000703d3f880}: 'void java.lang.invoke.DirectMethodHandle$Holder.invokeInterface(java.lang.Object, java.lang.Object, int)'> (0x0000000703d3f880) 
thrown [s\src\hotspot\share\interpreter\linkResolver.cpp, line 759]
Event: 5.100 Thread 0x000001ac392744b0 Exception <a 'java/lang/IncompatibleClassChangeError'{0x0000000703d8f380}: Found class java.lang.Object, but interface was expected> (0x0000000703d8f380) 
thrown [s\src\hotspot\share\interpreter\linkResolver.cpp, line 826]
Event: 5.101 Thread 0x000001ac392744b0 Exception <a 'java/lang/NoSuchMethodError'{0x0000000703d94468}: 'void java.lang.invoke.DirectMethodHandle$Holder.invokeStatic(java.lang.Object, int, java.lang.Object)'> (0x0000000703d94468) 
thrown [s\src\hotspot\share\interpreter\linkResolver.cpp, line 759]
Event: 5.384 Thread 0x000001ac504d0690 Exception <a 'java/lang/reflect/InvocationTargetException'{0x00000007046221e8}> (0x00000007046221e8) 
thrown [s\src\hotspot\share\runtime\reflection.cpp, line 1121]
Event: 5.467 Thread 0x000001ac392744b0 Exception <a 'java/lang/NoSuchMethodError'{0x0000000703340a60}: 'java.lang.Object java.lang.invoke.DirectMethodHandle$Holder.invokeSpecial(java.lang.Object, java.lang.Object, long, java.lang.Object, java.lang.Object, java.lang.Object, java.lang.Object, java.lang.Object, java.lang.Object)'> (0x0000000703340a60) 
thrown [s\src\hotspot\share\interpreter\linkResolver.cpp, line 759]
Event: 5.467 Thread 0x000001ac392744b0 Exception <a 'java/lang/NoSuchMethodError'{0x0000000703345588}: 'java.lang.Object java.lang.invoke.DelegatingMethodHandle$Holder.reinvoke_L(java.lang.Object, long, java.lang.Object, java.lang.Object, java.lang.Object, java.lang.Object, java.lang.Object, java.lang.Object)'> (0x0000000703345588) 
thrown [s\src\hotspot\share\interpreter\linkResolver.cpp, line 759]
Event: 5.469 Thread 0x000001ac392744b0 Exception <a 'java/lang/NoSuchMethodError'{0x0000000703351f88}: 'java.lang.Object java.lang.invoke.Invokers$Holder.linkToTargetMethod(java.lang.Object, java.lang.Object, java.lang.Object, java.lang.Object, java.lang.Object, java.lang.Object, java.lang.Object)'> (0x0000000703351f88) 
thrown [s\src\hotspot\share\interpreter\linkResolver.cpp, line 759]
Event: 5.598 Thread 0x000001ac392744b0 Exception <a 'java/io/FileNotFoundException'{0x0000000702e35570}> (0x0000000702e35570) 
thrown [s\src\hotspot\share\prims\jni.cpp, line 516]
Event: 5.655 Thread 0x000001ac392744b0 Exception <a 'java/lang/NoSuchMethodError'{0x0000000702fab0e0}: 'int java.lang.invoke.DirectMethodHandle$Holder.invokeInterface(java.lang.Object, java.lang.Object, java.lang.Object, java.lang.Object)'> (0x0000000702fab0e0) 
thrown [s\src\hotspot\share\interpreter\linkResolver.cpp, line 759]
Event: 5.755 Thread 0x000001ac392744b0 Exception <a 'java/lang/NoSuchMethodError'{0x00000007119c2a00}: 'long java.lang.invoke.DirectMethodHandle$Holder.invokeVirtual(java.lang.Object, java.lang.Object)'> (0x00000007119c2a00) 
thrown [s\src\hotspot\share\interpreter\linkResolver.cpp, line 759]
Event: 5.892 Thread 0x000001ac504d0690 Exception <a 'java/lang/reflect/InvocationTargetException'{0x000000070d742990}> (0x000000070d742990) 
thrown [s\src\hotspot\share\runtime\reflection.cpp, line 1121]
Event: 6.399 Thread 0x000001ac504d0690 Exception <a 'java/lang/reflect/InvocationTargetException'{0x00000007043a8668}> (0x00000007043a8668) 
thrown [s\src\hotspot\share\runtime\reflection.cpp, line 1121]
Event: 6.905 Thread 0x000001ac504d0690 Exception <a 'java/lang/reflect/InvocationTargetException'{0x000000070d7fa808}> (0x000000070d7fa808) 
thrown [s\src\hotspot\share\runtime\reflection.cpp, line 1121]
Event: 7.217 Thread 0x000001ac392744b0 Exception <a 'sun/nio/fs/WindowsException'{0x0000000704be0718}> (0x0000000704be0718) 
thrown [s\src\hotspot\share\prims\jni.cpp, line 516]
Event: 7.277 Thread 0x000001ac392744b0 Exception <a 'java/lang/NoSuchMethodError'{0x0000000704800f58}: 'int java.lang.invoke.DirectMethodHandle$Holder.invokeStaticInit(java.lang.Object, java.lang.Object, java.lang.Object, java.lang.Object)'> (0x0000000704800f58) 
thrown [s\src\hotspot\share\interpreter\linkResolver.cpp, line 759]

VM Operations (20 events):
Event: 5.492 Executing VM operation: HandshakeAllThreads done
Event: 5.552 Executing VM operation: HandshakeAllThreads
Event: 5.553 Executing VM operation: HandshakeAllThreads done
Event: 5.584 Executing VM operation: HandshakeAllThreads
Event: 5.585 Executing VM operation: HandshakeAllThreads done
Event: 5.665 Executing VM operation: G1CollectForAllocation
Event: 5.684 Executing VM operation: G1CollectForAllocation done
Event: 5.702 Executing VM operation: HandshakeAllThreads
Event: 5.702 Executing VM operation: HandshakeAllThreads done
Event: 5.703 Executing VM operation: HandshakeAllThreads
Event: 5.703 Executing VM operation: HandshakeAllThreads done
Event: 5.771 Executing VM operation: HandshakeAllThreads
Event: 5.771 Executing VM operation: HandshakeAllThreads done
Event: 5.825 Executing VM operation: HandshakeAllThreads
Event: 5.825 Executing VM operation: HandshakeAllThreads done
Event: 6.587 Executing VM operation: G1CollectForAllocation
Event: 6.605 Executing VM operation: G1CollectForAllocation done
Event: 7.226 Executing VM operation: HandshakeAllThreads
Event: 7.226 Executing VM operation: HandshakeAllThreads done
Event: 7.363 Executing VM operation: CollectForMetadataAllocation

Events (20 events):
Event: 7.285 loading class javax/crypto/JceSecurityManager$1
Event: 7.285 loading class javax/crypto/JceSecurityManager$1 done
Event: 7.285 loading class com/sun/crypto/provider/DESedeCipher
Event: 7.298 loading class com/sun/crypto/provider/DESedeCipher done
Event: 7.298 loading class com/sun/crypto/provider/DESedeCrypt
Event: 7.298 loading class com/sun/crypto/provider/DESedeCrypt done
Event: 7.299 loading class com/sun/crypto/provider/AESCipher$General
Event: 7.314 loading class com/sun/crypto/provider/AESCipher
Event: 7.344 loading class com/sun/crypto/provider/AESCipher done
Event: 7.344 loading class com/sun/crypto/provider/AESCipher$General done
Event: 7.345 loading class com/sun/crypto/provider/AESCrypt
Event: 7.345 loading class com/sun/crypto/provider/AESConstants
Event: 7.345 loading class com/sun/crypto/provider/AESConstants done
Event: 7.345 loading class com/sun/crypto/provider/AESCrypt done
Event: 7.360 loading class sun/security/ssl/SSLCipher$T12GcmReadCipherGenerator
Event: 7.360 loading class sun/security/ssl/SSLCipher$T12GcmReadCipherGenerator done
Event: 7.360 loading class sun/security/ssl/SSLCipher$T12GcmWriteCipherGenerator
Event: 7.361 loading class sun/security/ssl/SSLCipher$T12GcmWriteCipherGenerator done
Event: 7.362 loading class com/sun/crypto/provider/GaloisCounterMode$AESGCM
Event: 7.362 loading class com/sun/crypto/provider/GaloisCounterMode


Dynamic libraries:
0x00007ff64cae0000 - 0x00007ff64caed000 	C:\Users\fatim\.jdks\corretto-17.0.6\bin\java.exe
0x00007ff815e50000 - 0x00007ff816048000 	C:\Windows\SYSTEM32\ntdll.dll
0x00007ff815bd0000 - 0x00007ff815c8f000 	C:\Windows\System32\KERNEL32.DLL
0x00007ff813540000 - 0x00007ff813812000 	C:\Windows\System32\KERNELBASE.dll
0x00007ff813820000 - 0x00007ff813920000 	C:\Windows\System32\ucrtbase.dll
0x00007ff80cea0000 - 0x00007ff80ceb5000 	C:\Users\fatim\.jdks\corretto-17.0.6\bin\VCRUNTIME140.dll
0x00007ff80d540000 - 0x00007ff80d557000 	C:\Users\fatim\.jdks\corretto-17.0.6\bin\jli.dll
0x00007ff813e90000 - 0x00007ff814031000 	C:\Windows\System32\USER32.dll
0x00007ff803bd0000 - 0x00007ff803e6a000 	C:\Windows\WinSxS\amd64_microsoft.windows.common-controls_6595b64144ccf1df_6.0.19041.1110_none_60b5254171f9507e\COMCTL32.dll
0x00007ff813c70000 - 0x00007ff813c92000 	C:\Windows\System32\win32u.dll
0x00007ff815300000 - 0x00007ff81539e000 	C:\Windows\System32\msvcrt.dll
0x00007ff8152b0000 - 0x00007ff8152db000 	C:\Windows\System32\GDI32.dll
0x00007ff813d80000 - 0x00007ff813e8f000 	C:\Windows\System32\gdi32full.dll
0x00007ff813970000 - 0x00007ff813a0d000 	C:\Windows\System32\msvcp_win.dll
0x00007ff815440000 - 0x00007ff815472000 	C:\Windows\System32\IMM32.DLL
0x00007fffc0d90000 - 0x00007fffc0e2b000 	C:\Users\fatim\.jdks\corretto-17.0.6\bin\msvcp140.dll
0x00007fff8ac00000 - 0x00007fff8b818000 	C:\Users\fatim\.jdks\corretto-17.0.6\bin\server\jvm.dll
0x00007ff814170000 - 0x00007ff81421e000 	C:\Windows\System32\ADVAPI32.dll
0x00007ff8153a0000 - 0x00007ff81543c000 	C:\Windows\System32\sechost.dll
0x00007ff8150f0000 - 0x00007ff815215000 	C:\Windows\System32\RPCRT4.dll
0x00007ffffc360000 - 0x00007ffffc369000 	C:\Windows\SYSTEM32\WSOCK32.dll
0x00007ff8040d0000 - 0x00007ff8040f7000 	C:\Windows\SYSTEM32\WINMM.dll
0x00007ff814fb0000 - 0x00007ff81501b000 	C:\Windows\System32\WS2_32.dll
0x00007ff80aa50000 - 0x00007ff80aa5a000 	C:\Windows\SYSTEM32\VERSION.dll
0x00007ff811d50000 - 0x00007ff811d62000 	C:\Windows\SYSTEM32\kernel.appcore.dll
0x00007ff80e410000 - 0x00007ff80e41a000 	C:\Users\fatim\.jdks\corretto-17.0.6\bin\jimage.dll
0x00007ff8082a0000 - 0x00007ff808484000 	C:\Windows\SYSTEM32\DBGHELP.DLL
0x00007ff800030000 - 0x00007ff800065000 	C:\Windows\SYSTEM32\dbgcore.DLL
0x00007ff813b70000 - 0x00007ff813bf2000 	C:\Windows\System32\bcryptPrimitives.dll
0x00007ff80d520000 - 0x00007ff80d52e000 	C:\Users\fatim\.jdks\corretto-17.0.6\bin\instrument.dll
0x00007ff804380000 - 0x00007ff8043a5000 	C:\Users\fatim\.jdks\corretto-17.0.6\bin\java.dll
0x00007fffc0cb0000 - 0x00007fffc0d86000 	C:\Users\fatim\.jdks\corretto-17.0.6\bin\jsvml.dll
0x00007ff815480000 - 0x00007ff815bc5000 	C:\Windows\System32\SHELL32.dll
0x00007ff8114d0000 - 0x00007ff811c62000 	C:\Windows\SYSTEM32\windows.storage.dll
0x00007ff8147e0000 - 0x00007ff814b35000 	C:\Windows\System32\combase.dll
0x00007ff812ec0000 - 0x00007ff812ef0000 	C:\Windows\SYSTEM32\Wldp.dll
0x00007ff8140c0000 - 0x00007ff81416d000 	C:\Windows\System32\SHCORE.dll
0x00007ff814710000 - 0x00007ff814765000 	C:\Windows\System32\shlwapi.dll
0x00007ff813480000 - 0x00007ff81349f000 	C:\Windows\SYSTEM32\profapi.dll
0x00007ff802840000 - 0x00007ff802858000 	C:\Users\fatim\.jdks\corretto-17.0.6\bin\zip.dll
0x00007ff802650000 - 0x00007ff802669000 	C:\Users\fatim\.jdks\corretto-17.0.6\bin\net.dll
0x00007ff80b200000 - 0x00007ff80b30c000 	C:\Windows\SYSTEM32\WINHTTP.dll
0x00007ff812ca0000 - 0x00007ff812d0a000 	C:\Windows\system32\mswsock.dll
0x00007ff800740000 - 0x00007ff800755000 	C:\Users\fatim\.jdks\corretto-17.0.6\bin\nio.dll
0x00007fffe7ec0000 - 0x00007fffe7eda000 	C:\Program Files\JetBrains\IntelliJ IDEA 2022.3\bin\breakgen64.dll
0x00007ff8129b0000 - 0x00007ff812a7b000 	C:\Windows\SYSTEM32\DNSAPI.dll
0x00007ff812960000 - 0x00007ff81299b000 	C:\Windows\SYSTEM32\IPHLPAPI.DLL
0x00007ff814770000 - 0x00007ff814778000 	C:\Windows\System32\NSI.dll
0x0000000072600000 - 0x0000000072626000 	C:\Program Files\Bonjour\mdnsNSP.dll
0x00007ff80bc10000 - 0x00007ff80bc1a000 	C:\Windows\System32\rasadhlp.dll
0x00007ff805670000 - 0x00007ff8056f0000 	C:\Windows\System32\fwpuclnt.dll
0x00007ff813d50000 - 0x00007ff813d77000 	C:\Windows\System32\bcrypt.dll
0x00007ffff4e30000 - 0x00007ffff4e39000 	C:\Users\fatim\.jdks\corretto-17.0.6\bin\management.dll
0x00007ffff22e0000 - 0x00007ffff22eb000 	C:\Users\fatim\.jdks\corretto-17.0.6\bin\management_ext.dll
0x00007ff8152f0000 - 0x00007ff8152f8000 	C:\Windows\System32\PSAPI.DLL
0x00007ff813200000 - 0x00007ff813218000 	C:\Windows\SYSTEM32\CRYPTSP.dll
0x00007ff812570000 - 0x00007ff8125a4000 	C:\Windows\system32\rsaenh.dll
0x00007ff813400000 - 0x00007ff81342e000 	C:\Windows\SYSTEM32\USERENV.dll
0x00007ff812e30000 - 0x00007ff812e3c000 	C:\Windows\SYSTEM32\CRYPTBASE.dll
0x00007ff80b360000 - 0x00007ff80b377000 	C:\Windows\SYSTEM32\dhcpcsvc6.DLL
0x00007ff80b340000 - 0x00007ff80b35d000 	C:\Windows\SYSTEM32\dhcpcsvc.DLL
0x00007fffe3cd0000 - 0x00007fffe3ce7000 	C:\Windows\system32\napinsp.dll
0x00007fffe3cb0000 - 0x00007fffe3ccb000 	C:\Windows\system32\pnrpnsp.dll
0x00007ff80e3a0000 - 0x00007ff80e3b5000 	C:\Windows\system32\wshbth.dll
0x00007ff80ef20000 - 0x00007ff80ef3d000 	C:\Windows\system32\NLAapi.dll
0x00007fffe3af0000 - 0x00007fffe3b02000 	C:\Windows\System32\winrnr.dll
0x00007ffff1cd0000 - 0x00007ffff1ce0000 	C:\Users\fatim\.jdks\corretto-17.0.6\bin\verify.dll
0x00007fffee230000 - 0x00007fffee23e000 	C:\Users\fatim\.jdks\corretto-17.0.6\bin\sunmscapi.dll
0x00007ff813a10000 - 0x00007ff813b66000 	C:\Windows\System32\CRYPT32.dll
0x00007ff812f30000 - 0x00007ff812f57000 	C:\Windows\SYSTEM32\ncrypt.dll
0x00007ff812ef0000 - 0x00007ff812f2b000 	C:\Windows\SYSTEM32\NTASN1.dll

dbghelp: loaded successfully - version: 4.0.5 - missing functions: none
symbol engine: initialized successfully - sym options: 0x614 - pdb path: .;C:\Users\fatim\.jdks\corretto-17.0.6\bin;C:\Windows\SYSTEM32;C:\Windows\WinSxS\amd64_microsoft.windows.common-controls_6595b64144ccf1df_6.0.19041.1110_none_60b5254171f9507e;C:\Users\fatim\.jdks\corretto-17.0.6\bin\server;C:\Program Files\JetBrains\IntelliJ IDEA 2022.3\bin;C:\Program Files\Bonjour

VM Arguments:
jvm_args: -XX:TieredStopAtLevel=1 -Dspring.output.ansi.enabled=always -Dcom.sun.management.jmxremote -Dspring.jmx.enabled=true -Dspring.liveBeansView.mbeanDomain -Dspring.application.admin.enabled=true -Dmanagement.endpoints.jmx.exposure.include=* -javaagent:C:\Program Files\JetBrains\IntelliJ IDEA 2022.3\lib\idea_rt.jar=57959:C:\Program Files\JetBrains\IntelliJ IDEA 2022.3\bin -Dfile.encoding=UTF-8 
java_command: ma.enset.gestiondespatients.GestionDesPatientsApplication
java_class_path (initial): C:\Fatiza\S4\Architectures distribuées et Middlewares\Gestion-des-patients\target\classes;C:\Users\fatim\.m2\repository\org\springframework\boot\spring-boot-starter-data-jpa\3.0.4\spring-boot-starter-data-jpa-3.0.4.jar;C:\Users\fatim\.m2\repository\org\springframework\boot\spring-boot-starter-aop\3.0.4\spring-boot-starter-aop-3.0.4.jar;C:\Users\fatim\.m2\repository\org\springframework\spring-aop\6.0.6\spring-aop-6.0.6.jar;C:\Users\fatim\.m2\repository\org\aspectj\aspectjweaver\1.9.19\aspectjweaver-1.9.19.jar;C:\Users\fatim\.m2\repository\org\springframework\boot\spring-boot-starter-jdbc\3.0.4\spring-boot-starter-jdbc-3.0.4.jar;C:\Users\fatim\.m2\repository\com\zaxxer\HikariCP\5.0.1\HikariCP-5.0.1.jar;C:\Users\fatim\.m2\repository\org\springframework\spring-jdbc\6.0.6\spring-jdbc-6.0.6.jar;C:\Users\fatim\.m2\repository\org\hibernate\orm\hibernate-core\6.1.7.Final\hibernate-core-6.1.7.Final.jar;C:\Users\fatim\.m2\repository\jakarta\persistence\jakarta.persistence-api\3.1.0\jakarta.persistence-api-3.1.0.jar;C:\Users\fatim\.m2\repository\jakarta\transaction\jakarta.transaction-api\2.0.1\jakarta.transaction-api-2.0.1.jar;C:\Users\fatim\.m2\repository\org\jboss\logging\jboss-logging\3.5.0.Final\jboss-logging-3.5.0.Final.jar;C:\Users\fatim\.m2\repository\org\hibernate\common\hibernate-commons-annotations\6.0.6.Final\hibernate-commons-annotations-6.0.6.Final.jar;C:\Users\fatim\.m2\repository\org\jboss\jandex\2.4.2.Final\jandex-2.4.2.Final.jar;C:\Users\fatim\.m2\repository\com\fasterxml\classmate\1.5.1\classmate-1.5.1.jar;C:\Users\fatim\.m2\repository\net\bytebuddy\byte-buddy\1.12.23\byte-buddy-1.12.23.jar;C:\Users\fatim\.m2\repository\org\glassfish\jaxb\jaxb-runtime\4.0.2\jaxb-runtime-4.0.2.jar;C:\Users\fatim\.m2\repository\org\glassfish\jaxb\jaxb-core\4.0.2\jaxb-core-4.0.2.jar;C:\Users\fatim\.m2\repository\org\eclipse\angus\angus-activation\2.0.0\angus-activation-2.0.0.jar;C:\Users\fatim\.m2\repository\org\glassfish\jaxb\txw2\4.0.2\txw2-4.0.2.j
Launcher Type: SUN_STANDARD

[Global flags]
     intx CICompilerCount                          = 3                                         {product} {ergonomic}
     uint ConcGCThreads                            = 1                                         {product} {ergonomic}
     uint G1ConcRefinementThreads                  = 4                                         {product} {ergonomic}
   size_t G1HeapRegionSize                         = 2097152                                   {product} {ergonomic}
    uintx GCDrainStackTargetSize                   = 64                                        {product} {ergonomic}
   size_t InitialHeapSize                          = 268435456                                 {product} {ergonomic}
     bool ManagementServer                         = true                                      {product} {command line}
   size_t MarkStackSize                            = 4194304                                   {product} {ergonomic}
   size_t MaxHeapSize                              = 4267704320                                {product} {ergonomic}
   size_t MaxNewSize                               = 2560622592                                {product} {ergonomic}
   size_t MinHeapDeltaBytes                        = 2097152                                   {product} {ergonomic}
   size_t MinHeapSize                              = 8388608                                   {product} {ergonomic}
    uintx NonProfiledCodeHeapSize                  = 0                                      {pd product} {ergonomic}
     bool ProfileInterpreter                       = false                                  {pd product} {command line}
    uintx ProfiledCodeHeapSize                     = 0                                      {pd product} {ergonomic}
   size_t SoftMaxHeapSize                          = 4267704320                             {manageable} {ergonomic}
     intx TieredStopAtLevel                        = 1                                         {product} {command line}
     bool UseCompressedClassPointers               = true                           {product lp64_product} {ergonomic}
     bool UseCompressedOops                        = true                           {product lp64_product} {ergonomic}
     bool UseG1GC                                  = true                                      {product} {ergonomic}
     bool UseLargePagesIndividualAllocation        = false                                  {pd product} {ergonomic}

Logging:
Log output configuration:
 #0: stdout all=warning uptime,level,tags
 #1: stderr all=off uptime,level,tags

Environment Variables:
JAVA_HOME=C:\java\jdk1.8.0_202\bin
PATH=C:\Program Files (x86)\VMware\VMware Workstation\bin\;C:\Program Files\Common Files\Oracle\Java\javapath;C:\Program Files (x86)\Common Files\Oracle\Java\javapath;C:\Windows\system32;C:\Windows;C:\Windows\System32\Wbem;C:\Windows\System32\WindowsPowerShell\v1.0\;C:\Windows\System32\OpenSSH\;C:\Program Files\nodejs\;C:\Program Files\dotnet\;C:\Program Files (x86)\dotnet\;C:\Program Files\Git\cmd;C:\java\jdk1.8.0_202\bin;C:\hadoop\bin;C:\hadoop\sbin;C:\Users\fatim\AppData\Local\Programs\Python\Python39\Scripts;C:\java\jdk1.8.0_202\bin;C:\Users\fatim\AppData\Local\Microsoft\WindowsApps;C:\Users\fatim\AppData\Local\Programs\Microsoft VS Code\bin;C:\Users\fatim\AppData\Roaming\npm;C:\MinGW\bin;C:\Program Files\JetBrains\IntelliJ IDEA 2022.3\bin;;C:\Users\fatim\AppData\Local\Programs\Hyper\resources\bin;"C:\java\jdk1.8.0_202\bin\bin;%M2_HOME%\bin";C:\Users\fatim\Downloads\mongosh-1.6.0-win32-x64\mongosh-1.6.0-win32-x64\bin;
USERNAME=fatim
OS=Windows_NT
PROCESSOR_IDENTIFIER=Intel64 Family 6 Model 61 Stepping 4, GenuineIntel
TMP=C:\Users\fatim\AppData\Local\Temp
TEMP=C:\Users\fatim\AppData\Local\Temp



---------------  S Y S T E M  ---------------

OS:
 Windows 10 , 64 bit Build 19041 (10.0.19041.2546)
OS uptime: 3 days 4:49 hours
Hyper-V role detected

CPU: total 4 (initial active 4) (2 cores per cpu, 2 threads per core) family 6 model 61 stepping 4 microcode 0x2d, cx8, cmov, fxsr, ht, mmx, 3dnowpref, sse, sse2, sse3, ssse3, sse4.1, sse4.2, popcnt, lzcnt, tsc, tscinvbit, avx, avx2, aes, erms, clmul, bmi1, bmi2, rtm, adx, fma, vzeroupper, clflush, hv

Memory: 4k page, system-wide physical 16272M (1783M free)
TotalPageFile size 20766M (AvailPageFile size 1M)
current process WorkingSet (physical memory assigned to process): 153M, peak: 153M
current process commit charge ("private bytes"): 288M, peak: 372M

vm_info: OpenJDK 64-Bit Server VM (17.0.6+10-LTS) for windows-amd64 JRE (17.0.6+10-LTS), built on Jan 13 2023 22:57:04 by "Administrator" with MS VC++ 15.9 (VS2017)

END.
